[2024-11-12 17:03:56] This is codeql database create codeql-db --language=javascript-typescript --overwrite
[2024-11-12 17:03:56] Log file was started late.
[2024-11-12 17:03:56] [PROGRESS] database create> Initializing database at /Users/haze/Code/crazy-texty/CodeQL-PoC-XSS-App/codeql-db.
[2024-11-12 17:03:56] Running plumbing command: codeql database init --overwrite --language=javascript-typescript --extractor-options-verbosity=1 --qlconfig-file=/Users/haze/Code/crazy-texty/CodeQL-PoC-XSS-App/qlconfig.yml --source-root=/Users/haze/Code/crazy-texty/CodeQL-PoC-XSS-App --allow-missing-source-root=false --allow-already-existing -- /Users/haze/Code/crazy-texty/CodeQL-PoC-XSS-App/codeql-db
[2024-11-12 17:03:56] Calling plumbing command: codeql resolve languages --extractor-options-verbosity=1 --format=betterjson
[2024-11-12 17:03:56] [DETAILS] resolve languages> Scanning for [codeql-extractor.yml] from /Users/haze/Code/codeql/.codeqlmanifest.json
[2024-11-12 17:03:56] [DETAILS] resolve languages> Parsing /Users/haze/Code/codeql/go/codeql-extractor.yml.
[2024-11-12 17:03:56] [DETAILS] resolve languages> Parsing /Users/haze/Code/codeql/python/codeql-extractor.yml.
[2024-11-12 17:03:56] [DETAILS] resolve languages> Parsing /Users/haze/Code/codeql/java/codeql-extractor.yml.
[2024-11-12 17:03:56] [DETAILS] resolve languages> Parsing /Users/haze/Code/codeql/html/codeql-extractor.yml.
[2024-11-12 17:03:56] [DETAILS] resolve languages> Parsing /Users/haze/Code/codeql/xml/codeql-extractor.yml.
[2024-11-12 17:03:56] [DETAILS] resolve languages> Parsing /Users/haze/Code/codeql/properties/codeql-extractor.yml.
[2024-11-12 17:03:56] [DETAILS] resolve languages> Parsing /Users/haze/Code/codeql/cpp/codeql-extractor.yml.
[2024-11-12 17:03:56] [DETAILS] resolve languages> Parsing /Users/haze/Code/codeql/swift/codeql-extractor.yml.
[2024-11-12 17:03:56] [DETAILS] resolve languages> Parsing /Users/haze/Code/codeql/csv/codeql-extractor.yml.
[2024-11-12 17:03:56] [DETAILS] resolve languages> Parsing /Users/haze/Code/codeql/yaml/codeql-extractor.yml.
[2024-11-12 17:03:56] [DETAILS] resolve languages> Parsing /Users/haze/Code/codeql/csharp/codeql-extractor.yml.
[2024-11-12 17:03:56] [DETAILS] resolve languages> Parsing /Users/haze/Code/codeql/javascript/codeql-extractor.yml.
[2024-11-12 17:03:57] [DETAILS] resolve languages> Parsing /Users/haze/Code/codeql/ruby/codeql-extractor.yml.
[2024-11-12 17:03:57] Plumbing command codeql resolve languages completed:
                      {
                        "aliases" : {
                          "c" : "cpp",
                          "c++" : "cpp",
                          "c-c++" : "cpp",
                          "c-cpp" : "cpp",
                          "c#" : "csharp",
                          "java-kotlin" : "java",
                          "kotlin" : "java",
                          "javascript-typescript" : "javascript",
                          "typescript" : "javascript"
                        },
                        "extractors" : {
                          "go" : [
                            {
                              "extractor_root" : "/Users/haze/Code/codeql/go",
                              "extractor_options" : {
                                "extract_tests" : {
                                  "title" : "Whether to include Go test files in the CodeQL database.",
                                  "description" : "A value indicating whether Go test files should be included in the CodeQL database. The default is 'false'.\n",
                                  "type" : "string",
                                  "pattern" : "^(false|true)$"
                                },
                                "extract_vendor_dirs" : {
                                  "title" : "Whether to include Go vendor directories in the CodeQL database.",
                                  "description" : "A value indicating whether Go vendor directories should be included in the CodeQL database. The default is 'false'.\n",
                                  "type" : "string",
                                  "pattern" : "^(false|true)$"
                                }
                              }
                            }
                          ],
                          "python" : [
                            {
                              "extractor_root" : "/Users/haze/Code/codeql/python",
                              "extractor_options" : {
                                "logging" : {
                                  "title" : "Options pertaining to logging.",
                                  "description" : "Options pertaining to logging.",
                                  "type" : "object",
                                  "properties" : {
                                    "verbosity" : {
                                      "title" : "Python extractor logging verbosity level.",
                                      "description" : "Controls the level of verbosity of the CodeQL Python extractor.\nThe supported levels are (in order of increasing verbosity):\n\n  - off\n  - errors\n  - warnings\n  - info or progress\n  - debug or progress+\n  - trace or progress++\n  - progress+++\n",
                                      "type" : "string",
                                      "pattern" : "^(off|errors|warnings|(info|progress)|(debug|progress\\+)|(trace|progress\\+\\+)|progress\\+\\+\\+)$"
                                    }
                                  }
                                },
                                "python_executable_name" : {
                                  "title" : "Controls the name of the Python executable used by the Python extractor.",
                                  "description" : "The Python extractor uses platform-dependent heuristics to determine the name of the Python executable to use. Specifying a value for this option overrides the name of the Python executable used by the extractor. Accepted values are py, python and python3. Use this setting with caution, the Python extractor requires Python 3 to run.\n",
                                  "type" : "string",
                                  "pattern" : "^(py|python|python3)$"
                                }
                              }
                            }
                          ],
                          "java" : [
                            {
                              "extractor_root" : "/Users/haze/Code/codeql/java",
                              "extractor_options" : {
                                "exclude" : {
                                  "title" : "A glob excluding files from analysis.",
                                  "description" : "A glob indicating what files to exclude from the analysis.\n",
                                  "type" : "string"
                                },
                                "add_prefer_source" : {
                                  "title" : "Whether to always prefer source files over class files.",
                                  "description" : "A value indicating whether source files should be preferred over class files. If set to 'true', the extraction adds '-Xprefer:source' to the javac command line. If set to 'false', the extraction uses the default javac behavior ('-Xprefer:newer'). The default is 'true'.\n",
                                  "type" : "string",
                                  "pattern" : "^(false|true)$"
                                },
                                "buildless" : {
                                  "title" : "Whether to use buildless (standalone) extraction (experimental).",
                                  "description" : "A value indicating, which type of extraction the autobuilder should perform. If 'true', then the standalone extractor will be used, otherwise tracing extraction will be performed. The default is 'false'. Note that buildless extraction will generally yield less accurate analysis results, and should only be used in cases where it is not possible to build the code (for example if it uses inaccessible dependencies).\n",
                                  "type" : "string",
                                  "pattern" : "^(false|true)$"
                                }
                              }
                            }
                          ],
                          "html" : [
                            {
                              "extractor_root" : "/Users/haze/Code/codeql/html"
                            }
                          ],
                          "xml" : [
                            {
                              "extractor_root" : "/Users/haze/Code/codeql/xml"
                            }
                          ],
                          "properties" : [
                            {
                              "extractor_root" : "/Users/haze/Code/codeql/properties"
                            }
                          ],
                          "cpp" : [
                            {
                              "extractor_root" : "/Users/haze/Code/codeql/cpp",
                              "extractor_options" : {
                                "scale_timeouts" : {
                                  "title" : "Value to scale compiler introspection timeouts with",
                                  "description" : "The extractor attempts to determine what compiler the source code being extracted is compiled with. To this end the extractor makes additional calls to the compiler, some of which are expected to return within a certain fixed time (either 10s or 15s). On some systems that are under high load this time might be too short, and can be scaled up using this option.\n",
                                  "type" : "string",
                                  "pattern" : "[0-9]+"
                                },
                                "log_verbosity" : {
                                  "title" : "Verbosity of the extractor logging",
                                  "description" : "Set the verbosity of the extractor logging to 'quiet' (0), 'normal' (1), 'chatty' (2), or 'noisy' (3). The default is 'normal'.\n",
                                  "type" : "string",
                                  "pattern" : "[0-3]"
                                }
                              }
                            }
                          ],
                          "swift" : [
                            {
                              "extractor_root" : "/Users/haze/Code/codeql/swift"
                            }
                          ],
                          "csv" : [
                            {
                              "extractor_root" : "/Users/haze/Code/codeql/csv"
                            }
                          ],
                          "yaml" : [
                            {
                              "extractor_root" : "/Users/haze/Code/codeql/yaml"
                            }
                          ],
                          "csharp" : [
                            {
                              "extractor_root" : "/Users/haze/Code/codeql/csharp",
                              "extractor_options" : {
                                "trap" : {
                                  "title" : "Options pertaining to TRAP.",
                                  "description" : "Options pertaining to TRAP.",
                                  "type" : "object",
                                  "properties" : {
                                    "compression" : {
                                      "title" : "Controls compression for the TRAP files written by the extractor.",
                                      "description" : "This option is only intended for use in debugging the extractor. Accepted values are 'brotli' (the default, to write brotli-compressed TRAP), 'gzip', and 'none' (to write uncompressed TRAP).\n",
                                      "type" : "string",
                                      "pattern" : "^(none|gzip|brotli)$"
                                    }
                                  }
                                },
                                "buildless" : {
                                  "title" : "DEPRECATED - Whether to use buildless (standalone) extraction.",
                                  "description" : "DEPRECATED: Use `--build-mode none` instead.\nA value indicating, which type of extraction the autobuilder should perform. If 'true', then the standalone extractor will be used, otherwise tracing extraction will be performed. The default is 'false'. Note that buildless extraction will generally yield less accurate analysis results, and should only be used in cases where it is not possible to build the code (for example if it uses inaccessible dependencies).\n",
                                  "type" : "string",
                                  "pattern" : "^(false|true)$"
                                },
                                "logging" : {
                                  "title" : "Options pertaining to logging.",
                                  "description" : "Options pertaining to logging.",
                                  "type" : "object",
                                  "properties" : {
                                    "verbosity" : {
                                      "title" : "Extractor logging verbosity level.",
                                      "description" : "Controls the level of verbosity of the extractor. The supported levels are (in order of increasing verbosity):\n  - off\n  - errors\n  - warnings\n  - info or progress\n  - debug or progress+\n  - trace or progress++\n  - progress+++\n",
                                      "type" : "string",
                                      "pattern" : "^(off|errors|warnings|(info|progress)|(debug|progress\\+)|(trace|progress\\+\\+)|progress\\+\\+\\+)$"
                                    }
                                  }
                                },
                                "binlog" : {
                                  "title" : "Binlog",
                                  "description" : "[EXPERIMENTAL] The value is a path to the MsBuild binary log file that should be extracted. This option only works when `--build-mode none` is also specified.\n",
                                  "type" : "string"
                                }
                              }
                            }
                          ],
                          "javascript" : [
                            {
                              "extractor_root" : "/Users/haze/Code/codeql/javascript",
                              "extractor_options" : {
                                "skip_types" : {
                                  "title" : "Skip type extraction for TypeScript",
                                  "description" : "Whether to skip the extraction of types in a TypeScript application",
                                  "type" : "string",
                                  "pattern" : "^(false|true)$"
                                }
                              }
                            }
                          ],
                          "ruby" : [
                            {
                              "extractor_root" : "/Users/haze/Code/codeql/ruby",
                              "extractor_options" : {
                                "trap" : {
                                  "title" : "Options pertaining to TRAP.",
                                  "description" : "Options pertaining to TRAP.",
                                  "type" : "object",
                                  "properties" : {
                                    "compression" : {
                                      "title" : "Controls compression for the TRAP files written by the extractor.",
                                      "description" : "This option is only intended for use in debugging the extractor. Accepted values are 'gzip' (the default, to write gzip-compressed TRAP) and 'none' (to write uncompressed TRAP).\n",
                                      "type" : "string",
                                      "pattern" : "^(none|gzip)$"
                                    }
                                  }
                                }
                              }
                            }
                          ]
                        }
                      }
[2024-11-12 17:03:57] [PROGRESS] database init> Calculating baseline information in /Users/haze/Code/crazy-texty/CodeQL-PoC-XSS-App
[2024-11-12 17:03:57] [SPAMMY] database init> Ignoring the following directories when processing baseline information: .git, .hg, .svn.
[2024-11-12 17:03:57] [DETAILS] database init> Running command in /Users/haze/Code/crazy-texty/CodeQL-PoC-XSS-App: /Users/haze/Code/codeql/tools/osx64/scc --by-file --exclude-dir .git,.hg,.svn --format json --no-large --no-min .
[2024-11-12 17:03:57] Using configure-baseline script /Users/haze/Code/codeql/javascript/tools/configure-baseline.sh.
[2024-11-12 17:03:57] [PROGRESS] database init> Running command in /Users/haze/Code/crazy-texty/CodeQL-PoC-XSS-App: [/Users/haze/Code/codeql/javascript/tools/configure-baseline.sh]
[2024-11-12 17:03:57] [SPAMMY] database init> Found 9 baseline files for javascript.
[2024-11-12 17:03:57] [PROGRESS] database init> Calculated baseline information for languages: javascript (187ms).
[2024-11-12 17:03:58] [PROGRESS] database init> Resolving extractor javascript.
[2024-11-12 17:03:58] [DETAILS] database init> Found candidate extractor root for javascript: /Users/haze/Code/codeql/javascript.
[2024-11-12 17:03:58] [PROGRESS] database init> Successfully loaded extractor JavaScript/TypeScript (javascript) from /Users/haze/Code/codeql/javascript.
[2024-11-12 17:03:58] [SPAMMY] database init> Determining macOS System Integrity Protection status...
[2024-11-12 17:03:58] [SPAMMY] database init> Running command [/usr/bin/csrutil, status].
[2024-11-12 17:03:58] [SPAMMY] database init> SIP is enabled.
[2024-11-12 17:03:58] [PROGRESS] database init> Created skeleton CodeQL database at /Users/haze/Code/crazy-texty/CodeQL-PoC-XSS-App/codeql-db. This in-progress database is ready to be populated by an extractor.
[2024-11-12 17:03:58] Plumbing command codeql database init completed.
[2024-11-12 17:03:58] [PROGRESS] database create> Running build command: []
[2024-11-12 17:03:58] Running plumbing command: codeql database trace-command --working-dir=/Users/haze/Code/crazy-texty/CodeQL-PoC-XSS-App --index-traceless-dbs --no-db-cluster -- /Users/haze/Code/crazy-texty/CodeQL-PoC-XSS-App/codeql-db
[2024-11-12 17:03:58] Using autobuild script /Users/haze/Code/codeql/javascript/tools/autobuild.sh.
[2024-11-12 17:03:58] [PROGRESS] database trace-command> Running command in /Users/haze/Code/crazy-texty/CodeQL-PoC-XSS-App: [/Users/haze/Code/codeql/javascript/tools/autobuild.sh]
[2024-11-12 17:03:59] [build-stdout] Single-threaded extraction.
[2024-11-12 17:04:17] [build-stdout] Extracting /Users/haze/Code/crazy-texty/CodeQL-PoC-XSS-App/public/index.html
[2024-11-12 17:04:17] [build-stdout] Done extracting /Users/haze/Code/crazy-texty/CodeQL-PoC-XSS-App/public/index.html (105 ms)
[2024-11-12 17:04:17] [build-stdout] Extracting /Users/haze/Code/crazy-texty/CodeQL-PoC-XSS-App/src/components/LowerCaseTextForm/LowerCaseTextForm.js
[2024-11-12 17:04:17] [build-stdout] Done extracting /Users/haze/Code/crazy-texty/CodeQL-PoC-XSS-App/src/components/LowerCaseTextForm/LowerCaseTextForm.js (214 ms)
[2024-11-12 17:04:17] [build-stdout] Extracting /Users/haze/Code/crazy-texty/CodeQL-PoC-XSS-App/src/components/SpaceyTextForm/SpaceyTextForm.js
[2024-11-12 17:04:17] [build-stdout] Done extracting /Users/haze/Code/crazy-texty/CodeQL-PoC-XSS-App/src/components/SpaceyTextForm/SpaceyTextForm.js (30 ms)
[2024-11-12 17:04:17] [build-stdout] Extracting /Users/haze/Code/crazy-texty/CodeQL-PoC-XSS-App/src/components/UpperCaseTextForm/UpperCaseTextForm.js
[2024-11-12 17:04:17] [build-stdout] Done extracting /Users/haze/Code/crazy-texty/CodeQL-PoC-XSS-App/src/components/UpperCaseTextForm/UpperCaseTextForm.js (26 ms)
[2024-11-12 17:04:17] [build-stdout] Extracting /Users/haze/Code/crazy-texty/CodeQL-PoC-XSS-App/src/components/UpperLowerTextForm/UpperLowerTextForm.js
[2024-11-12 17:04:17] [build-stdout] Done extracting /Users/haze/Code/crazy-texty/CodeQL-PoC-XSS-App/src/components/UpperLowerTextForm/UpperLowerTextForm.js (41 ms)
[2024-11-12 17:04:17] [build-stdout] Extracting /Users/haze/Code/crazy-texty/CodeQL-PoC-XSS-App/src/App.js
[2024-11-12 17:04:17] [build-stdout] Done extracting /Users/haze/Code/crazy-texty/CodeQL-PoC-XSS-App/src/App.js (16 ms)
[2024-11-12 17:04:17] [build-stdout] Extracting /Users/haze/Code/crazy-texty/CodeQL-PoC-XSS-App/src/App.test.js
[2024-11-12 17:04:17] [build-stdout] Done extracting /Users/haze/Code/crazy-texty/CodeQL-PoC-XSS-App/src/App.test.js (11 ms)
[2024-11-12 17:04:17] [build-stdout] Extracting /Users/haze/Code/crazy-texty/CodeQL-PoC-XSS-App/src/index.js
[2024-11-12 17:04:17] [build-stdout] Done extracting /Users/haze/Code/crazy-texty/CodeQL-PoC-XSS-App/src/index.js (16 ms)
[2024-11-12 17:04:17] [build-stdout] Extracting /Users/haze/Code/crazy-texty/CodeQL-PoC-XSS-App/src/reportWebVitals.js
[2024-11-12 17:04:17] [build-stdout] Done extracting /Users/haze/Code/crazy-texty/CodeQL-PoC-XSS-App/src/reportWebVitals.js (23 ms)
[2024-11-12 17:04:17] [build-stdout] Extracting /Users/haze/Code/crazy-texty/CodeQL-PoC-XSS-App/src/setupTests.js
[2024-11-12 17:04:17] [build-stdout] Done extracting /Users/haze/Code/crazy-texty/CodeQL-PoC-XSS-App/src/setupTests.js (8 ms)
[2024-11-12 17:04:17] [build-stdout] Extracting /Users/haze/Code/crazy-texty/CodeQL-PoC-XSS-App/package.json
[2024-11-12 17:04:17] [build-stdout] Done extracting /Users/haze/Code/crazy-texty/CodeQL-PoC-XSS-App/package.json (10 ms)
[2024-11-12 17:04:17] [build-stderr] No externs trap cache found
[2024-11-12 17:04:17] [build-stdout] Extracting /Users/haze/Code/codeql/javascript/tools/data/externs/nodejs/constants.js
[2024-11-12 17:04:18] [build-stdout] Done extracting /Users/haze/Code/codeql/javascript/tools/data/externs/nodejs/constants.js (265 ms)
[2024-11-12 17:04:18] [build-stdout] Extracting /Users/haze/Code/codeql/javascript/tools/data/externs/nodejs/net.js
[2024-11-12 17:04:18] [build-stdout] Done extracting /Users/haze/Code/codeql/javascript/tools/data/externs/nodejs/net.js (81 ms)
[2024-11-12 17:04:18] [build-stdout] Extracting /Users/haze/Code/codeql/javascript/tools/data/externs/nodejs/globals.js
[2024-11-12 17:04:18] [build-stdout] Done extracting /Users/haze/Code/codeql/javascript/tools/data/externs/nodejs/globals.js (256 ms)
[2024-11-12 17:04:18] [build-stdout] Extracting /Users/haze/Code/codeql/javascript/tools/data/externs/nodejs/events.js
[2024-11-12 17:04:18] [build-stdout] Done extracting /Users/haze/Code/codeql/javascript/tools/data/externs/nodejs/events.js (23 ms)
[2024-11-12 17:04:18] [build-stdout] Extracting /Users/haze/Code/codeql/javascript/tools/data/externs/nodejs/repl.js
[2024-11-12 17:04:18] [build-stdout] Done extracting /Users/haze/Code/codeql/javascript/tools/data/externs/nodejs/repl.js (33 ms)
[2024-11-12 17:04:18] [build-stdout] Extracting /Users/haze/Code/codeql/javascript/tools/data/externs/nodejs/util.js
[2024-11-12 17:04:18] [build-stdout] Done extracting /Users/haze/Code/codeql/javascript/tools/data/externs/nodejs/util.js (51 ms)
[2024-11-12 17:04:18] [build-stdout] Extracting /Users/haze/Code/codeql/javascript/tools/data/externs/nodejs/dgram.js
[2024-11-12 17:04:18] [build-stdout] Done extracting /Users/haze/Code/codeql/javascript/tools/data/externs/nodejs/dgram.js (29 ms)
[2024-11-12 17:04:18] [build-stdout] Extracting /Users/haze/Code/codeql/javascript/tools/data/externs/nodejs/vm.js
[2024-11-12 17:04:18] [build-stdout] Done extracting /Users/haze/Code/codeql/javascript/tools/data/externs/nodejs/vm.js (28 ms)
[2024-11-12 17:04:18] [build-stdout] Extracting /Users/haze/Code/codeql/javascript/tools/data/externs/nodejs/stream.js
[2024-11-12 17:04:18] [build-stdout] Done extracting /Users/haze/Code/codeql/javascript/tools/data/externs/nodejs/stream.js (122 ms)
[2024-11-12 17:04:18] [build-stdout] Extracting /Users/haze/Code/codeql/javascript/tools/data/externs/nodejs/child_process.js
[2024-11-12 17:04:18] [build-stdout] Done extracting /Users/haze/Code/codeql/javascript/tools/data/externs/nodejs/child_process.js (234 ms)
[2024-11-12 17:04:18] [build-stdout] Extracting /Users/haze/Code/codeql/javascript/tools/data/externs/nodejs/assert.js
[2024-11-12 17:04:18] [build-stdout] Done extracting /Users/haze/Code/codeql/javascript/tools/data/externs/nodejs/assert.js (29 ms)
[2024-11-12 17:04:18] [build-stdout] Extracting /Users/haze/Code/codeql/javascript/tools/data/externs/nodejs/os.js
[2024-11-12 17:04:18] [build-stdout] Done extracting /Users/haze/Code/codeql/javascript/tools/data/externs/nodejs/os.js (53 ms)
[2024-11-12 17:04:18] [build-stdout] Extracting /Users/haze/Code/codeql/javascript/tools/data/externs/nodejs/console.js
[2024-11-12 17:04:18] [build-stdout] Done extracting /Users/haze/Code/codeql/javascript/tools/data/externs/nodejs/console.js (5 ms)
[2024-11-12 17:04:18] [build-stdout] Extracting /Users/haze/Code/codeql/javascript/tools/data/externs/nodejs/readline.js
[2024-11-12 17:04:19] [build-stdout] Done extracting /Users/haze/Code/codeql/javascript/tools/data/externs/nodejs/readline.js (40 ms)
[2024-11-12 17:04:19] [build-stdout] Extracting /Users/haze/Code/codeql/javascript/tools/data/externs/nodejs/punycode.js
[2024-11-12 17:04:19] [build-stdout] Done extracting /Users/haze/Code/codeql/javascript/tools/data/externs/nodejs/punycode.js (34 ms)
[2024-11-12 17:04:19] [build-stdout] Extracting /Users/haze/Code/codeql/javascript/tools/data/externs/nodejs/https.js
[2024-11-12 17:04:19] [build-stdout] Done extracting /Users/haze/Code/codeql/javascript/tools/data/externs/nodejs/https.js (29 ms)
[2024-11-12 17:04:19] [build-stdout] Extracting /Users/haze/Code/codeql/javascript/tools/data/externs/nodejs/domain.js
[2024-11-12 17:04:19] [build-stdout] Done extracting /Users/haze/Code/codeql/javascript/tools/data/externs/nodejs/domain.js (15 ms)
[2024-11-12 17:04:19] [build-stdout] Extracting /Users/haze/Code/codeql/javascript/tools/data/externs/nodejs/dns.js
[2024-11-12 17:04:19] [build-stdout] Done extracting /Users/haze/Code/codeql/javascript/tools/data/externs/nodejs/dns.js (35 ms)
[2024-11-12 17:04:19] [build-stdout] Extracting /Users/haze/Code/codeql/javascript/tools/data/externs/nodejs/assert_legacy.js
[2024-11-12 17:04:19] [build-stdout] Done extracting /Users/haze/Code/codeql/javascript/tools/data/externs/nodejs/assert_legacy.js (4 ms)
[2024-11-12 17:04:19] [build-stdout] Extracting /Users/haze/Code/codeql/javascript/tools/data/externs/nodejs/tty.js
[2024-11-12 17:04:19] [build-stdout] Done extracting /Users/haze/Code/codeql/javascript/tools/data/externs/nodejs/tty.js (24 ms)
[2024-11-12 17:04:19] [build-stdout] Extracting /Users/haze/Code/codeql/javascript/tools/data/externs/nodejs/timers.js
[2024-11-12 17:04:19] [build-stdout] Done extracting /Users/haze/Code/codeql/javascript/tools/data/externs/nodejs/timers.js (23 ms)
[2024-11-12 17:04:19] [build-stdout] Extracting /Users/haze/Code/codeql/javascript/tools/data/externs/nodejs/querystring.js
[2024-11-12 17:04:19] [build-stdout] Done extracting /Users/haze/Code/codeql/javascript/tools/data/externs/nodejs/querystring.js (17 ms)
[2024-11-12 17:04:19] [build-stdout] Extracting /Users/haze/Code/codeql/javascript/tools/data/externs/nodejs/module.js
[2024-11-12 17:04:19] [build-stdout] Done extracting /Users/haze/Code/codeql/javascript/tools/data/externs/nodejs/module.js (15 ms)
[2024-11-12 17:04:19] [build-stdout] Extracting /Users/haze/Code/codeql/javascript/tools/data/externs/nodejs/sys.js
[2024-11-12 17:04:19] [build-stdout] Done extracting /Users/haze/Code/codeql/javascript/tools/data/externs/nodejs/sys.js (8 ms)
[2024-11-12 17:04:19] [build-stdout] Extracting /Users/haze/Code/codeql/javascript/tools/data/externs/nodejs/path.js
[2024-11-12 17:04:19] [build-stdout] Done extracting /Users/haze/Code/codeql/javascript/tools/data/externs/nodejs/path.js (48 ms)
[2024-11-12 17:04:19] [build-stdout] Extracting /Users/haze/Code/codeql/javascript/tools/data/externs/nodejs/string_decoder.js
[2024-11-12 17:04:19] [build-stdout] Done extracting /Users/haze/Code/codeql/javascript/tools/data/externs/nodejs/string_decoder.js (20 ms)
[2024-11-12 17:04:19] [build-stdout] Extracting /Users/haze/Code/codeql/javascript/tools/data/externs/nodejs/cluster.js
[2024-11-12 17:04:19] [build-stdout] Done extracting /Users/haze/Code/codeql/javascript/tools/data/externs/nodejs/cluster.js (158 ms)
[2024-11-12 17:04:19] [build-stdout] Extracting /Users/haze/Code/codeql/javascript/tools/data/externs/nodejs/v8.js
[2024-11-12 17:04:19] [build-stdout] Done extracting /Users/haze/Code/codeql/javascript/tools/data/externs/nodejs/v8.js (19 ms)
[2024-11-12 17:04:19] [build-stdout] Extracting /Users/haze/Code/codeql/javascript/tools/data/externs/nodejs/crypto.js
[2024-11-12 17:04:19] [build-stdout] Done extracting /Users/haze/Code/codeql/javascript/tools/data/externs/nodejs/crypto.js (175 ms)
[2024-11-12 17:04:19] [build-stdout] Extracting /Users/haze/Code/codeql/javascript/tools/data/externs/nodejs/zlib.js
[2024-11-12 17:04:19] [build-stdout] Done extracting /Users/haze/Code/codeql/javascript/tools/data/externs/nodejs/zlib.js (71 ms)
[2024-11-12 17:04:19] [build-stdout] Extracting /Users/haze/Code/codeql/javascript/tools/data/externs/nodejs/url.js
[2024-11-12 17:04:19] [build-stdout] Done extracting /Users/haze/Code/codeql/javascript/tools/data/externs/nodejs/url.js (15 ms)
[2024-11-12 17:04:19] [build-stdout] Extracting /Users/haze/Code/codeql/javascript/tools/data/externs/nodejs/tls.js
[2024-11-12 17:04:19] [build-stdout] Done extracting /Users/haze/Code/codeql/javascript/tools/data/externs/nodejs/tls.js (52 ms)
[2024-11-12 17:04:19] [build-stdout] Extracting /Users/haze/Code/codeql/javascript/tools/data/externs/nodejs/process.js
[2024-11-12 17:04:19] [build-stdout] Done extracting /Users/haze/Code/codeql/javascript/tools/data/externs/nodejs/process.js (5 ms)
[2024-11-12 17:04:19] [build-stdout] Extracting /Users/haze/Code/codeql/javascript/tools/data/externs/nodejs/http.js
[2024-11-12 17:04:19] [build-stdout] Done extracting /Users/haze/Code/codeql/javascript/tools/data/externs/nodejs/http.js (75 ms)
[2024-11-12 17:04:19] [build-stdout] Extracting /Users/haze/Code/codeql/javascript/tools/data/externs/nodejs/buffer.js
[2024-11-12 17:04:19] [build-stdout] Done extracting /Users/haze/Code/codeql/javascript/tools/data/externs/nodejs/buffer.js (33 ms)
[2024-11-12 17:04:19] [build-stdout] Extracting /Users/haze/Code/codeql/javascript/tools/data/externs/nodejs/fs.js
[2024-11-12 17:04:20] [build-stdout] Done extracting /Users/haze/Code/codeql/javascript/tools/data/externs/nodejs/fs.js (183 ms)
[2024-11-12 17:04:20] [build-stdout] Extracting /Users/haze/Code/codeql/javascript/tools/data/externs/web/ie_dom.js
[2024-11-12 17:04:20] [build-stdout] Done extracting /Users/haze/Code/codeql/javascript/tools/data/externs/web/ie_dom.js (84 ms)
[2024-11-12 17:04:20] [build-stdout] Extracting /Users/haze/Code/codeql/javascript/tools/data/externs/web/mediasource.js
[2024-11-12 17:04:20] [build-stdout] Done extracting /Users/haze/Code/codeql/javascript/tools/data/externs/web/mediasource.js (28 ms)
[2024-11-12 17:04:20] [build-stdout] Extracting /Users/haze/Code/codeql/javascript/tools/data/externs/web/html5.js
[2024-11-12 17:04:20] [build-stdout] Done extracting /Users/haze/Code/codeql/javascript/tools/data/externs/web/html5.js (348 ms)
[2024-11-12 17:04:20] [build-stdout] Extracting /Users/haze/Code/codeql/javascript/tools/data/externs/web/w3c_anim_timing.js
[2024-11-12 17:04:20] [build-stdout] Done extracting /Users/haze/Code/codeql/javascript/tools/data/externs/web/w3c_anim_timing.js (112 ms)
[2024-11-12 17:04:20] [build-stdout] Extracting /Users/haze/Code/codeql/javascript/tools/data/externs/web/w3c_dom3.js
[2024-11-12 17:04:20] [build-stdout] Done extracting /Users/haze/Code/codeql/javascript/tools/data/externs/web/w3c_dom3.js (78 ms)
[2024-11-12 17:04:20] [build-stdout] Extracting /Users/haze/Code/codeql/javascript/tools/data/externs/web/fetchapi.js
[2024-11-12 17:04:20] [build-stdout] Done extracting /Users/haze/Code/codeql/javascript/tools/data/externs/web/fetchapi.js (43 ms)
[2024-11-12 17:04:20] [build-stdout] Extracting /Users/haze/Code/codeql/javascript/tools/data/externs/web/streamsapi.js
[2024-11-12 17:04:20] [build-stdout] Done extracting /Users/haze/Code/codeql/javascript/tools/data/externs/web/streamsapi.js (43 ms)
[2024-11-12 17:04:20] [build-stdout] Extracting /Users/haze/Code/codeql/javascript/tools/data/externs/web/fileapi.js
[2024-11-12 17:04:20] [build-stdout] Done extracting /Users/haze/Code/codeql/javascript/tools/data/externs/web/fileapi.js (67 ms)
[2024-11-12 17:04:20] [build-stdout] Extracting /Users/haze/Code/codeql/javascript/tools/data/externs/web/w3c_navigation_timing.js
[2024-11-12 17:04:20] [build-stdout] Done extracting /Users/haze/Code/codeql/javascript/tools/data/externs/web/w3c_navigation_timing.js (28 ms)
[2024-11-12 17:04:20] [build-stdout] Extracting /Users/haze/Code/codeql/javascript/tools/data/externs/web/w3c_range.js
[2024-11-12 17:04:20] [build-stdout] Done extracting /Users/haze/Code/codeql/javascript/tools/data/externs/web/w3c_range.js (24 ms)
[2024-11-12 17:04:20] [build-stdout] Extracting /Users/haze/Code/codeql/javascript/tools/data/externs/web/w3c_indexeddb.js
[2024-11-12 17:04:21] [build-stdout] Done extracting /Users/haze/Code/codeql/javascript/tools/data/externs/web/w3c_indexeddb.js (62 ms)
[2024-11-12 17:04:21] [build-stdout] Extracting /Users/haze/Code/codeql/javascript/tools/data/externs/web/w3c_dom2.js
[2024-11-12 17:04:21] [build-stdout] Done extracting /Users/haze/Code/codeql/javascript/tools/data/externs/web/w3c_dom2.js (136 ms)
[2024-11-12 17:04:21] [build-stdout] Extracting /Users/haze/Code/codeql/javascript/tools/data/externs/web/w3c_elementtraversal.js
[2024-11-12 17:04:21] [build-stdout] Done extracting /Users/haze/Code/codeql/javascript/tools/data/externs/web/w3c_elementtraversal.js (9 ms)
[2024-11-12 17:04:21] [build-stdout] Extracting /Users/haze/Code/codeql/javascript/tools/data/externs/web/w3c_webcrypto.js
[2024-11-12 17:04:21] [build-stdout] Done extracting /Users/haze/Code/codeql/javascript/tools/data/externs/web/w3c_webcrypto.js (39 ms)
[2024-11-12 17:04:21] [build-stdout] Extracting /Users/haze/Code/codeql/javascript/tools/data/externs/web/ie_vml.js
[2024-11-12 17:04:21] [build-stdout] Done extracting /Users/haze/Code/codeql/javascript/tools/data/externs/web/ie_vml.js (6 ms)
[2024-11-12 17:04:21] [build-stdout] Extracting /Users/haze/Code/codeql/javascript/tools/data/externs/web/intl.js
[2024-11-12 17:04:21] [build-stdout] Done extracting /Users/haze/Code/codeql/javascript/tools/data/externs/web/intl.js (25 ms)
[2024-11-12 17:04:21] [build-stdout] Extracting /Users/haze/Code/codeql/javascript/tools/data/externs/web/w3c_rtc.js
[2024-11-12 17:04:21] [build-stdout] Done extracting /Users/haze/Code/codeql/javascript/tools/data/externs/web/w3c_rtc.js (135 ms)
[2024-11-12 17:04:21] [build-stdout] Extracting /Users/haze/Code/codeql/javascript/tools/data/externs/web/w3c_requestidlecallback.js
[2024-11-12 17:04:21] [build-stdout] Done extracting /Users/haze/Code/codeql/javascript/tools/data/externs/web/w3c_requestidlecallback.js (5 ms)
[2024-11-12 17:04:21] [build-stdout] Extracting /Users/haze/Code/codeql/javascript/tools/data/externs/web/w3c_geolocation.js
[2024-11-12 17:04:21] [build-stdout] Done extracting /Users/haze/Code/codeql/javascript/tools/data/externs/web/w3c_geolocation.js (23 ms)
[2024-11-12 17:04:21] [build-stdout] Extracting /Users/haze/Code/codeql/javascript/tools/data/externs/web/webstorage.js
[2024-11-12 17:04:21] [build-stdout] Done extracting /Users/haze/Code/codeql/javascript/tools/data/externs/web/webstorage.js (15 ms)
[2024-11-12 17:04:21] [build-stdout] Extracting /Users/haze/Code/codeql/javascript/tools/data/externs/web/webkit_usercontent.js
[2024-11-12 17:04:21] [build-stdout] Done extracting /Users/haze/Code/codeql/javascript/tools/data/externs/web/webkit_usercontent.js (8 ms)
[2024-11-12 17:04:21] [build-stdout] Extracting /Users/haze/Code/codeql/javascript/tools/data/externs/web/window.js
[2024-11-12 17:04:21] [build-stdout] Done extracting /Users/haze/Code/codeql/javascript/tools/data/externs/web/window.js (17 ms)
[2024-11-12 17:04:21] [build-stdout] Extracting /Users/haze/Code/codeql/javascript/tools/data/externs/web/page_visibility.js
[2024-11-12 17:04:21] [build-stdout] Done extracting /Users/haze/Code/codeql/javascript/tools/data/externs/web/page_visibility.js (3 ms)
[2024-11-12 17:04:21] [build-stdout] Extracting /Users/haze/Code/codeql/javascript/tools/data/externs/web/webgl.js
[2024-11-12 17:04:21] [build-stdout] Done extracting /Users/haze/Code/codeql/javascript/tools/data/externs/web/webgl.js (224 ms)
[2024-11-12 17:04:21] [build-stdout] Extracting /Users/haze/Code/codeql/javascript/tools/data/externs/web/w3c_touch_event.js
[2024-11-12 17:04:21] [build-stdout] Done extracting /Users/haze/Code/codeql/javascript/tools/data/externs/web/w3c_touch_event.js (19 ms)
[2024-11-12 17:04:21] [build-stdout] Extracting /Users/haze/Code/codeql/javascript/tools/data/externs/web/w3c_event.js
[2024-11-12 17:04:21] [build-stdout] Done extracting /Users/haze/Code/codeql/javascript/tools/data/externs/web/w3c_event.js (51 ms)
[2024-11-12 17:04:21] [build-stdout] Extracting /Users/haze/Code/codeql/javascript/tools/data/externs/web/whatwg_encoding.js
[2024-11-12 17:04:21] [build-stdout] Done extracting /Users/haze/Code/codeql/javascript/tools/data/externs/web/whatwg_encoding.js (5 ms)
[2024-11-12 17:04:21] [build-stdout] Extracting /Users/haze/Code/codeql/javascript/tools/data/externs/web/w3c_event3.js
[2024-11-12 17:04:21] [build-stdout] Done extracting /Users/haze/Code/codeql/javascript/tools/data/externs/web/w3c_event3.js (13 ms)
[2024-11-12 17:04:21] [build-stdout] Extracting /Users/haze/Code/codeql/javascript/tools/data/externs/web/gecko_xml.js
[2024-11-12 17:04:21] [build-stdout] Done extracting /Users/haze/Code/codeql/javascript/tools/data/externs/web/gecko_xml.js (17 ms)
[2024-11-12 17:04:21] [build-stdout] Extracting /Users/haze/Code/codeql/javascript/tools/data/externs/web/ie_event.js
[2024-11-12 17:04:21] [build-stdout] Done extracting /Users/haze/Code/codeql/javascript/tools/data/externs/web/ie_event.js (69 ms)
[2024-11-12 17:04:21] [build-stdout] Extracting /Users/haze/Code/codeql/javascript/tools/data/externs/web/w3c_css.js
[2024-11-12 17:04:22] [build-stdout] Done extracting /Users/haze/Code/codeql/javascript/tools/data/externs/web/w3c_css.js (148 ms)
[2024-11-12 17:04:22] [build-stdout] Extracting /Users/haze/Code/codeql/javascript/tools/data/externs/web/ie_css.js
[2024-11-12 17:04:22] [build-stdout] Done extracting /Users/haze/Code/codeql/javascript/tools/data/externs/web/ie_css.js (26 ms)
[2024-11-12 17:04:22] [build-stdout] Extracting /Users/haze/Code/codeql/javascript/tools/data/externs/web/webkit_css.js
[2024-11-12 17:04:22] [build-stdout] Done extracting /Users/haze/Code/codeql/javascript/tools/data/externs/web/webkit_css.js (93 ms)
[2024-11-12 17:04:22] [build-stdout] Extracting /Users/haze/Code/codeql/javascript/tools/data/externs/web/w3c_xml.js
[2024-11-12 17:04:22] [build-stdout] Done extracting /Users/haze/Code/codeql/javascript/tools/data/externs/web/w3c_xml.js (29 ms)
[2024-11-12 17:04:22] [build-stdout] Extracting /Users/haze/Code/codeql/javascript/tools/data/externs/web/gecko_css.js
[2024-11-12 17:04:22] [build-stdout] Done extracting /Users/haze/Code/codeql/javascript/tools/data/externs/web/gecko_css.js (22 ms)
[2024-11-12 17:04:22] [build-stdout] Extracting /Users/haze/Code/codeql/javascript/tools/data/externs/web/iphone.js
[2024-11-12 17:04:22] [build-stdout] Done extracting /Users/haze/Code/codeql/javascript/tools/data/externs/web/iphone.js (15 ms)
[2024-11-12 17:04:22] [build-stdout] Extracting /Users/haze/Code/codeql/javascript/tools/data/externs/web/w3c_selectors.js
[2024-11-12 17:04:22] [build-stdout] Done extracting /Users/haze/Code/codeql/javascript/tools/data/externs/web/w3c_selectors.js (15 ms)
[2024-11-12 17:04:22] [build-stdout] Extracting /Users/haze/Code/codeql/javascript/tools/data/externs/web/chrome.js
[2024-11-12 17:04:22] [build-stdout] Done extracting /Users/haze/Code/codeql/javascript/tools/data/externs/web/chrome.js (47 ms)
[2024-11-12 17:04:22] [build-stdout] Extracting /Users/haze/Code/codeql/javascript/tools/data/externs/web/w3c_batterystatus.js
[2024-11-12 17:04:22] [build-stdout] Done extracting /Users/haze/Code/codeql/javascript/tools/data/externs/web/w3c_batterystatus.js (4 ms)
[2024-11-12 17:04:22] [build-stdout] Extracting /Users/haze/Code/codeql/javascript/tools/data/externs/web/webkit_notifications.js
[2024-11-12 17:04:22] [build-stdout] Done extracting /Users/haze/Code/codeql/javascript/tools/data/externs/web/webkit_notifications.js (30 ms)
[2024-11-12 17:04:22] [build-stdout] Extracting /Users/haze/Code/codeql/javascript/tools/data/externs/web/w3c_screen_orientation.js
[2024-11-12 17:04:22] [build-stdout] Done extracting /Users/haze/Code/codeql/javascript/tools/data/externs/web/w3c_screen_orientation.js (5 ms)
[2024-11-12 17:04:22] [build-stdout] Extracting /Users/haze/Code/codeql/javascript/tools/data/externs/web/w3c_midi.js
[2024-11-12 17:04:22] [build-stdout] Done extracting /Users/haze/Code/codeql/javascript/tools/data/externs/web/w3c_midi.js (29 ms)
[2024-11-12 17:04:22] [build-stdout] Extracting /Users/haze/Code/codeql/javascript/tools/data/externs/web/w3c_serviceworker.js
[2024-11-12 17:04:22] [build-stdout] Done extracting /Users/haze/Code/codeql/javascript/tools/data/externs/web/w3c_serviceworker.js (46 ms)
[2024-11-12 17:04:22] [build-stdout] Extracting /Users/haze/Code/codeql/javascript/tools/data/externs/web/w3c_device_sensor_event.js
[2024-11-12 17:04:22] [build-stdout] Done extracting /Users/haze/Code/codeql/javascript/tools/data/externs/web/w3c_device_sensor_event.js (10 ms)
[2024-11-12 17:04:22] [build-stdout] Extracting /Users/haze/Code/codeql/javascript/tools/data/externs/web/webkit_event.js
[2024-11-12 17:04:22] [build-stdout] Done extracting /Users/haze/Code/codeql/javascript/tools/data/externs/web/webkit_event.js (5 ms)
[2024-11-12 17:04:22] [build-stdout] Extracting /Users/haze/Code/codeql/javascript/tools/data/externs/web/w3c_permissions.js
[2024-11-12 17:04:22] [build-stdout] Done extracting /Users/haze/Code/codeql/javascript/tools/data/externs/web/w3c_permissions.js (11 ms)
[2024-11-12 17:04:22] [build-stdout] Extracting /Users/haze/Code/codeql/javascript/tools/data/externs/web/w3c_gamepad.js
[2024-11-12 17:04:22] [build-stdout] Done extracting /Users/haze/Code/codeql/javascript/tools/data/externs/web/w3c_gamepad.js (9 ms)
[2024-11-12 17:04:22] [build-stdout] Extracting /Users/haze/Code/codeql/javascript/tools/data/externs/web/w3c_dom1.js
[2024-11-12 17:04:22] [build-stdout] Done extracting /Users/haze/Code/codeql/javascript/tools/data/externs/web/w3c_dom1.js (66 ms)
[2024-11-12 17:04:22] [build-stdout] Extracting /Users/haze/Code/codeql/javascript/tools/data/externs/web/url.js
[2024-11-12 17:04:22] [build-stdout] Done extracting /Users/haze/Code/codeql/javascript/tools/data/externs/web/url.js (14 ms)
[2024-11-12 17:04:22] [build-stdout] Extracting /Users/haze/Code/codeql/javascript/tools/data/externs/web/gecko_event.js
[2024-11-12 17:04:22] [build-stdout] Done extracting /Users/haze/Code/codeql/javascript/tools/data/externs/web/gecko_event.js (10 ms)
[2024-11-12 17:04:22] [build-stdout] Extracting /Users/haze/Code/codeql/javascript/tools/data/externs/web/w3c_encoding.js
[2024-11-12 17:04:22] [build-stdout] Done extracting /Users/haze/Code/codeql/javascript/tools/data/externs/web/w3c_encoding.js (13 ms)
[2024-11-12 17:04:22] [build-stdout] Extracting /Users/haze/Code/codeql/javascript/tools/data/externs/web/flash.js
[2024-11-12 17:04:22] [build-stdout] Done extracting /Users/haze/Code/codeql/javascript/tools/data/externs/web/flash.js (34 ms)
[2024-11-12 17:04:22] [build-stdout] Extracting /Users/haze/Code/codeql/javascript/tools/data/externs/web/w3c_pointer_events.js
[2024-11-12 17:04:22] [build-stdout] Done extracting /Users/haze/Code/codeql/javascript/tools/data/externs/web/w3c_pointer_events.js (19 ms)
[2024-11-12 17:04:22] [build-stdout] Extracting /Users/haze/Code/codeql/javascript/tools/data/externs/web/gecko_ext.js
[2024-11-12 17:04:22] [build-stdout] Done extracting /Users/haze/Code/codeql/javascript/tools/data/externs/web/gecko_ext.js (6 ms)
[2024-11-12 17:04:22] [build-stdout] Extracting /Users/haze/Code/codeql/javascript/tools/data/externs/web/gecko_dom.js
[2024-11-12 17:04:22] [build-stdout] Done extracting /Users/haze/Code/codeql/javascript/tools/data/externs/web/gecko_dom.js (72 ms)
[2024-11-12 17:04:22] [build-stdout] Extracting /Users/haze/Code/codeql/javascript/tools/data/externs/web/webkit_dom.js
[2024-11-12 17:04:22] [build-stdout] Done extracting /Users/haze/Code/codeql/javascript/tools/data/externs/web/webkit_dom.js (26 ms)
[2024-11-12 17:04:22] [build-stdout] Extracting /Users/haze/Code/codeql/javascript/tools/data/externs/web/w3c_css3d.js
[2024-11-12 17:04:22] [build-stdout] Done extracting /Users/haze/Code/codeql/javascript/tools/data/externs/web/w3c_css3d.js (15 ms)
[2024-11-12 17:04:22] [build-stdout] Extracting /Users/haze/Code/codeql/javascript/tools/data/externs/web/w3c_dom4.js
[2024-11-12 17:04:22] [build-stdout] Done extracting /Users/haze/Code/codeql/javascript/tools/data/externs/web/w3c_dom4.js (7 ms)
[2024-11-12 17:04:22] [build-stdout] Extracting /Users/haze/Code/codeql/javascript/tools/data/externs/vm/rhino.js
[2024-11-12 17:04:22] [build-stdout] Done extracting /Users/haze/Code/codeql/javascript/tools/data/externs/vm/rhino.js (11 ms)
[2024-11-12 17:04:22] [build-stdout] Extracting /Users/haze/Code/codeql/javascript/tools/data/externs/vm/v8.js
[2024-11-12 17:04:22] [build-stdout] Done extracting /Users/haze/Code/codeql/javascript/tools/data/externs/vm/v8.js (14 ms)
[2024-11-12 17:04:22] [build-stdout] Extracting /Users/haze/Code/codeql/javascript/tools/data/externs/vm/spidermonkey.js
[2024-11-12 17:04:22] [build-stdout] Done extracting /Users/haze/Code/codeql/javascript/tools/data/externs/vm/spidermonkey.js (7 ms)
[2024-11-12 17:04:22] [build-stdout] Extracting /Users/haze/Code/codeql/javascript/tools/data/externs/vm/jsshell.js
[2024-11-12 17:04:22] [build-stdout] Done extracting /Users/haze/Code/codeql/javascript/tools/data/externs/vm/jsshell.js (50 ms)
[2024-11-12 17:04:22] [build-stdout] Extracting /Users/haze/Code/codeql/javascript/tools/data/externs/lib/jquery-3.2.js
[2024-11-12 17:04:22] [build-stdout] Done extracting /Users/haze/Code/codeql/javascript/tools/data/externs/lib/jquery-3.2.js (158 ms)
[2024-11-12 17:04:22] [build-stdout] Extracting /Users/haze/Code/codeql/javascript/tools/data/externs/lib/bdd.js
[2024-11-12 17:04:23] [build-stdout] Done extracting /Users/haze/Code/codeql/javascript/tools/data/externs/lib/bdd.js (13 ms)
[2024-11-12 17:04:23] [build-stdout] Extracting /Users/haze/Code/codeql/javascript/tools/data/externs/lib/should.js
[2024-11-12 17:04:23] [build-stdout] Done extracting /Users/haze/Code/codeql/javascript/tools/data/externs/lib/should.js (27 ms)
[2024-11-12 17:04:23] [build-stdout] Extracting /Users/haze/Code/codeql/javascript/tools/data/externs/lib/vows.js
[2024-11-12 17:04:23] [build-stdout] Done extracting /Users/haze/Code/codeql/javascript/tools/data/externs/lib/vows.js (32 ms)
[2024-11-12 17:04:23] [build-stdout] Extracting /Users/haze/Code/codeql/javascript/tools/data/externs/es/proxy.js
[2024-11-12 17:04:23] [build-stdout] Done extracting /Users/haze/Code/codeql/javascript/tools/data/externs/es/proxy.js (4 ms)
[2024-11-12 17:04:23] [build-stdout] Extracting /Users/haze/Code/codeql/javascript/tools/data/externs/es/es5.js
[2024-11-12 17:04:23] [build-stdout] Done extracting /Users/haze/Code/codeql/javascript/tools/data/externs/es/es5.js (27 ms)
[2024-11-12 17:04:23] [build-stdout] Extracting /Users/haze/Code/codeql/javascript/tools/data/externs/es/intl.js
[2024-11-12 17:04:23] [build-stdout] Done extracting /Users/haze/Code/codeql/javascript/tools/data/externs/es/intl.js (24 ms)
[2024-11-12 17:04:23] [build-stdout] Extracting /Users/haze/Code/codeql/javascript/tools/data/externs/es/es6_collections.js
[2024-11-12 17:04:23] [build-stdout] Done extracting /Users/haze/Code/codeql/javascript/tools/data/externs/es/es6_collections.js (21 ms)
[2024-11-12 17:04:23] [build-stdout] Extracting /Users/haze/Code/codeql/javascript/tools/data/externs/es/es6.js
[2024-11-12 17:04:23] [build-stdout] Done extracting /Users/haze/Code/codeql/javascript/tools/data/externs/es/es6.js (99 ms)
[2024-11-12 17:04:23] [build-stdout] Extracting /Users/haze/Code/codeql/javascript/tools/data/externs/es/es2017.js
[2024-11-12 17:04:23] [build-stdout] Done extracting /Users/haze/Code/codeql/javascript/tools/data/externs/es/es2017.js (11 ms)
[2024-11-12 17:04:23] [build-stdout] Extracting /Users/haze/Code/codeql/javascript/tools/data/externs/es/es3.js
[2024-11-12 17:04:23] [build-stdout] Done extracting /Users/haze/Code/codeql/javascript/tools/data/externs/es/es3.js (133 ms)
[2024-11-12 17:04:23] [build-stdout] Extracting /Users/haze/Code/codeql/javascript/tools/data/externs/es/es2016.js
[2024-11-12 17:04:23] [build-stdout] Done extracting /Users/haze/Code/codeql/javascript/tools/data/externs/es/es2016.js (3 ms)
[2024-11-12 17:04:23] Plumbing command codeql database trace-command completed.
[2024-11-12 17:04:23] [PROGRESS] database create> Finalizing database at /Users/haze/Code/crazy-texty/CodeQL-PoC-XSS-App/codeql-db.
[2024-11-12 17:04:23] Running plumbing command: codeql database finalize --no-db-cluster -- /Users/haze/Code/crazy-texty/CodeQL-PoC-XSS-App/codeql-db
[2024-11-12 17:04:23] [PROGRESS] database finalize> Running TRAP import for CodeQL database at /Users/haze/Code/crazy-texty/CodeQL-PoC-XSS-App/codeql-db...
[2024-11-12 17:04:23] Running plumbing command: codeql dataset import --dbscheme=/Users/haze/Code/codeql/javascript/semmlecode.javascript.dbscheme -- /Users/haze/Code/crazy-texty/CodeQL-PoC-XSS-App/codeql-db/db-javascript /Users/haze/Code/crazy-texty/CodeQL-PoC-XSS-App/codeql-db/trap/javascript
[2024-11-12 17:04:23] Clearing disk cache since the version file /Users/haze/Code/crazy-texty/CodeQL-PoC-XSS-App/codeql-db/db-javascript/default/cache/version does not exist
[2024-11-12 17:04:23] Tuple pool not found. Clearing relations with cached strings
[2024-11-12 17:04:23] Trimming disk cache at /Users/haze/Code/crazy-texty/CodeQL-PoC-XSS-App/codeql-db/db-javascript/default/cache in mode clear.
[2024-11-12 17:04:23] Sequence stamp origin is -6117647204660317381
[2024-11-12 17:04:23] Pausing evaluation to hard-clear memory at sequence stamp o+0
[2024-11-12 17:04:23] Unpausing evaluation
[2024-11-12 17:04:23] Pausing evaluation to quickly trim disk at sequence stamp o+1
[2024-11-12 17:04:23] Unpausing evaluation
[2024-11-12 17:04:23] Pausing evaluation to zealously trim disk at sequence stamp o+2
[2024-11-12 17:04:23] Unpausing evaluation
[2024-11-12 17:04:23] Trimming completed (10ms): Purged everything.
[2024-11-12 17:04:23] Scanning for files in /Users/haze/Code/crazy-texty/CodeQL-PoC-XSS-App/codeql-db/trap/javascript
[2024-11-12 17:04:23] Found 122 TRAP files (8.25 MiB)
[2024-11-12 17:04:23] [PROGRESS] dataset import> Importing TRAP files
[2024-11-12 17:04:24] Importing es2016.js.trap.gz (1 of 122)
[2024-11-12 17:04:24] Importing es2017.js.trap.gz (2 of 122)
[2024-11-12 17:04:24] Importing es3.js.trap.gz (3 of 122)
[2024-11-12 17:04:24] Importing es5.js.trap.gz (4 of 122)
[2024-11-12 17:04:24] Importing es6.js.trap.gz (5 of 122)
[2024-11-12 17:04:24] Importing es6_collections.js.trap.gz (6 of 122)
[2024-11-12 17:04:24] Importing intl.js.trap.gz (7 of 122)
[2024-11-12 17:04:24] Importing proxy.js.trap.gz (8 of 122)
[2024-11-12 17:04:24] Importing bdd.js.trap.gz (9 of 122)
[2024-11-12 17:04:24] Importing jquery-3.2.js.trap.gz (10 of 122)
[2024-11-12 17:04:24] Importing should.js.trap.gz (11 of 122)
[2024-11-12 17:04:24] Importing vows.js.trap.gz (12 of 122)
[2024-11-12 17:04:24] Importing assert.js.trap.gz (13 of 122)
[2024-11-12 17:04:24] Importing assert_legacy.js.trap.gz (14 of 122)
[2024-11-12 17:04:24] Importing buffer.js.trap.gz (15 of 122)
[2024-11-12 17:04:24] Importing child_process.js.trap.gz (16 of 122)
[2024-11-12 17:04:25] Importing cluster.js.trap.gz (17 of 122)
[2024-11-12 17:04:25] Importing console.js.trap.gz (18 of 122)
[2024-11-12 17:04:25] Importing constants.js.trap.gz (19 of 122)
[2024-11-12 17:04:25] Importing crypto.js.trap.gz (20 of 122)
[2024-11-12 17:04:25] Importing dgram.js.trap.gz (21 of 122)
[2024-11-12 17:04:25] Importing dns.js.trap.gz (22 of 122)
[2024-11-12 17:04:25] Importing domain.js.trap.gz (23 of 122)
[2024-11-12 17:04:25] Importing events.js.trap.gz (24 of 122)
[2024-11-12 17:04:25] Importing fs.js.trap.gz (25 of 122)
[2024-11-12 17:04:25] Importing globals.js.trap.gz (26 of 122)
[2024-11-12 17:04:25] Importing http.js.trap.gz (27 of 122)
[2024-11-12 17:04:25] Importing https.js.trap.gz (28 of 122)
[2024-11-12 17:04:25] Importing module.js.trap.gz (29 of 122)
[2024-11-12 17:04:25] Importing net.js.trap.gz (30 of 122)
[2024-11-12 17:04:25] Importing os.js.trap.gz (31 of 122)
[2024-11-12 17:04:25] Importing path.js.trap.gz (32 of 122)
[2024-11-12 17:04:25] Importing process.js.trap.gz (33 of 122)
[2024-11-12 17:04:25] Importing punycode.js.trap.gz (34 of 122)
[2024-11-12 17:04:25] Importing querystring.js.trap.gz (35 of 122)
[2024-11-12 17:04:25] Importing readline.js.trap.gz (36 of 122)
[2024-11-12 17:04:25] Importing repl.js.trap.gz (37 of 122)
[2024-11-12 17:04:25] Importing stream.js.trap.gz (38 of 122)
[2024-11-12 17:04:25] Importing string_decoder.js.trap.gz (39 of 122)
[2024-11-12 17:04:25] Importing sys.js.trap.gz (40 of 122)
[2024-11-12 17:04:25] Importing timers.js.trap.gz (41 of 122)
[2024-11-12 17:04:25] Importing tls.js.trap.gz (42 of 122)
[2024-11-12 17:04:25] Importing tty.js.trap.gz (43 of 122)
[2024-11-12 17:04:25] Importing url.js.trap.gz (44 of 122)
[2024-11-12 17:04:25] Importing util.js.trap.gz (45 of 122)
[2024-11-12 17:04:25] Importing v8.js.trap.gz (46 of 122)
[2024-11-12 17:04:25] Importing vm.js.trap.gz (47 of 122)
[2024-11-12 17:04:25] Importing zlib.js.trap.gz (48 of 122)
[2024-11-12 17:04:25] Importing jsshell.js.trap.gz (49 of 122)
[2024-11-12 17:04:25] Importing rhino.js.trap.gz (50 of 122)
[2024-11-12 17:04:25] Importing spidermonkey.js.trap.gz (51 of 122)
[2024-11-12 17:04:25] Importing v8.js.trap.gz (52 of 122)
[2024-11-12 17:04:25] Importing chrome.js.trap.gz (53 of 122)
[2024-11-12 17:04:25] Importing fetchapi.js.trap.gz (54 of 122)
[2024-11-12 17:04:25] Importing fileapi.js.trap.gz (55 of 122)
[2024-11-12 17:04:25] Importing flash.js.trap.gz (56 of 122)
[2024-11-12 17:04:25] Importing gecko_css.js.trap.gz (57 of 122)
[2024-11-12 17:04:25] Importing gecko_dom.js.trap.gz (58 of 122)
[2024-11-12 17:04:25] Importing gecko_event.js.trap.gz (59 of 122)
[2024-11-12 17:04:25] Importing gecko_ext.js.trap.gz (60 of 122)
[2024-11-12 17:04:25] Importing gecko_xml.js.trap.gz (61 of 122)
[2024-11-12 17:04:25] Importing html5.js.trap.gz (62 of 122)
[2024-11-12 17:04:26] Importing ie_css.js.trap.gz (63 of 122)
[2024-11-12 17:04:26] Importing ie_dom.js.trap.gz (64 of 122)
[2024-11-12 17:04:26] Importing ie_event.js.trap.gz (65 of 122)
[2024-11-12 17:04:26] Importing ie_vml.js.trap.gz (66 of 122)
[2024-11-12 17:04:26] Importing intl.js.trap.gz (67 of 122)
[2024-11-12 17:04:26] Importing iphone.js.trap.gz (68 of 122)
[2024-11-12 17:04:26] Importing mediasource.js.trap.gz (69 of 122)
[2024-11-12 17:04:26] Importing page_visibility.js.trap.gz (70 of 122)
[2024-11-12 17:04:26] Importing streamsapi.js.trap.gz (71 of 122)
[2024-11-12 17:04:26] Importing url.js.trap.gz (72 of 122)
[2024-11-12 17:04:26] Importing w3c_anim_timing.js.trap.gz (73 of 122)
[2024-11-12 17:04:26] Importing w3c_batterystatus.js.trap.gz (74 of 122)
[2024-11-12 17:04:26] Importing w3c_css.js.trap.gz (75 of 122)
[2024-11-12 17:04:26] Importing w3c_css3d.js.trap.gz (76 of 122)
[2024-11-12 17:04:26] Importing w3c_device_sensor_event.js.trap.gz (77 of 122)
[2024-11-12 17:04:26] Importing w3c_dom1.js.trap.gz (78 of 122)
[2024-11-12 17:04:26] Importing w3c_dom2.js.trap.gz (79 of 122)
[2024-11-12 17:04:26] Importing w3c_dom3.js.trap.gz (80 of 122)
[2024-11-12 17:04:26] Importing w3c_dom4.js.trap.gz (81 of 122)
[2024-11-12 17:04:26] Importing w3c_elementtraversal.js.trap.gz (82 of 122)
[2024-11-12 17:04:26] Importing w3c_encoding.js.trap.gz (83 of 122)
[2024-11-12 17:04:26] Importing w3c_event.js.trap.gz (84 of 122)
[2024-11-12 17:04:26] Importing w3c_event3.js.trap.gz (85 of 122)
[2024-11-12 17:04:26] Importing w3c_gamepad.js.trap.gz (86 of 122)
[2024-11-12 17:04:26] Importing w3c_geolocation.js.trap.gz (87 of 122)
[2024-11-12 17:04:26] Importing w3c_indexeddb.js.trap.gz (88 of 122)
[2024-11-12 17:04:26] Importing w3c_midi.js.trap.gz (89 of 122)
[2024-11-12 17:04:26] Importing w3c_navigation_timing.js.trap.gz (90 of 122)
[2024-11-12 17:04:26] Importing w3c_permissions.js.trap.gz (91 of 122)
[2024-11-12 17:04:26] Importing w3c_pointer_events.js.trap.gz (92 of 122)
[2024-11-12 17:04:26] Importing w3c_range.js.trap.gz (93 of 122)
[2024-11-12 17:04:26] Importing w3c_requestidlecallback.js.trap.gz (94 of 122)
[2024-11-12 17:04:26] Importing w3c_rtc.js.trap.gz (95 of 122)
[2024-11-12 17:04:26] Importing w3c_screen_orientation.js.trap.gz (96 of 122)
[2024-11-12 17:04:26] Importing w3c_selectors.js.trap.gz (97 of 122)
[2024-11-12 17:04:26] Importing w3c_serviceworker.js.trap.gz (98 of 122)
[2024-11-12 17:04:26] Importing w3c_touch_event.js.trap.gz (99 of 122)
[2024-11-12 17:04:26] Importing w3c_webcrypto.js.trap.gz (100 of 122)
[2024-11-12 17:04:26] Importing w3c_xml.js.trap.gz (101 of 122)
[2024-11-12 17:04:26] Importing webgl.js.trap.gz (102 of 122)
[2024-11-12 17:04:26] Importing webkit_css.js.trap.gz (103 of 122)
[2024-11-12 17:04:26] Importing webkit_dom.js.trap.gz (104 of 122)
[2024-11-12 17:04:26] Importing webkit_event.js.trap.gz (105 of 122)
[2024-11-12 17:04:27] Importing webkit_notifications.js.trap.gz (106 of 122)
[2024-11-12 17:04:27] Importing webkit_usercontent.js.trap.gz (107 of 122)
[2024-11-12 17:04:27] Importing webstorage.js.trap.gz (108 of 122)
[2024-11-12 17:04:27] Importing whatwg_encoding.js.trap.gz (109 of 122)
[2024-11-12 17:04:27] Importing window.js.trap.gz (110 of 122)
[2024-11-12 17:04:27] Importing package.json.trap.gz (111 of 122)
[2024-11-12 17:04:27] Importing index.html.trap.gz (112 of 122)
[2024-11-12 17:04:27] Importing App.js.trap.gz (113 of 122)
[2024-11-12 17:04:27] Importing App.test.js.trap.gz (114 of 122)
[2024-11-12 17:04:27] Importing LowerCaseTextForm.js.trap.gz (115 of 122)
[2024-11-12 17:04:27] Importing SpaceyTextForm.js.trap.gz (116 of 122)
[2024-11-12 17:04:27] Importing UpperCaseTextForm.js.trap.gz (117 of 122)
[2024-11-12 17:04:27] Importing UpperLowerTextForm.js.trap.gz (118 of 122)
[2024-11-12 17:04:27] Importing index.js.trap.gz (119 of 122)
[2024-11-12 17:04:27] Importing reportWebVitals.js.trap.gz (120 of 122)
[2024-11-12 17:04:27] Importing setupTests.js.trap.gz (121 of 122)
[2024-11-12 17:04:27] Importing sourceLocationPrefix.trap.gz (122 of 122)
[2024-11-12 17:04:27] [PROGRESS] dataset import> Merging relations
[2024-11-12 17:04:27] Merging 1 fragment for 'files'.
[2024-11-12 17:04:27] Merged 968 bytes for 'files'.
[2024-11-12 17:04:27] Merging 1 fragment for 'folders'.
[2024-11-12 17:04:27] Merged 184 bytes for 'folders'.
[2024-11-12 17:04:27] Merging 1 fragment for 'containerparent'.
[2024-11-12 17:04:27] Merged 1144 bytes (1.12 KiB) for 'containerparent'.
[2024-11-12 17:04:27] Merging 2 fragments for 'locations_default'.
[2024-11-12 17:04:27] Merged 4567296 bytes (4.36 MiB) for 'locations_default'.
[2024-11-12 17:04:27] Merging 3 fragments for 'hasLocation'.
[2024-11-12 17:04:27] Merged 1878568 bytes (1.79 MiB) for 'hasLocation'.
[2024-11-12 17:04:27] Merging 1 fragment for 'extraction_data'.
[2024-11-12 17:04:27] Merged 1936 bytes (1.89 KiB) for 'extraction_data'.
[2024-11-12 17:04:27] Merging 1 fragment for 'scopes'.
[2024-11-12 17:04:27] Merged 31608 bytes (30.87 KiB) for 'scopes'.
[2024-11-12 17:04:27] Merging 1 fragment for 'comments'.
[2024-11-12 17:04:27] Merged 211760 bytes (206.80 KiB) for 'comments'.
[2024-11-12 17:04:27] Merging 1 fragment for 'indentation'.
[2024-11-12 17:04:27] Merged 405792 bytes (396.28 KiB) for 'indentation'.
[2024-11-12 17:04:27] Merging 1 fragment for 'numlines'.
[2024-11-12 17:04:27] Merged 3840 bytes (3.75 KiB) for 'numlines'.
[2024-11-12 17:04:27] Merging 1 fragment for 'tokeninfo'.
[2024-11-12 17:04:27] Merged 1799760 bytes (1.72 MiB) for 'tokeninfo'.
[2024-11-12 17:04:27] Merging 1 fragment for 'next_token'.
[2024-11-12 17:04:27] Merged 84704 bytes (82.72 KiB) for 'next_token'.
[2024-11-12 17:04:27] Merging 1 fragment for 'jsdoc'.
[2024-11-12 17:04:27] Merged 110076 bytes (107.50 KiB) for 'jsdoc'.
[2024-11-12 17:04:27] Merging 1 fragment for 'jsdoc_tags'.
[2024-11-12 17:04:27] Merged 362440 bytes (353.95 KiB) for 'jsdoc_tags'.
[2024-11-12 17:04:27] Merging 1 fragment for 'jsdoc_tag_descriptions'.
[2024-11-12 17:04:27] Merged 27432 bytes (26.79 KiB) for 'jsdoc_tag_descriptions'.
[2024-11-12 17:04:27] Merging 1 fragment for 'jsdoc_tag_names'.
[2024-11-12 17:04:27] Merged 39352 bytes (38.43 KiB) for 'jsdoc_tag_names'.
[2024-11-12 17:04:27] Merging 1 fragment for 'jsdoc_type_exprs'.
[2024-11-12 17:04:27] Merged 464080 bytes (453.20 KiB) for 'jsdoc_type_exprs'.
[2024-11-12 17:04:27] Merging 1 fragment for 'toplevels'.
[2024-11-12 17:04:27] Merged 952 bytes for 'toplevels'.
[2024-11-12 17:04:27] Merging 1 fragment for 'stmts'.
[2024-11-12 17:04:27] Merged 282580 bytes (275.96 KiB) for 'stmts'.
[2024-11-12 17:04:27] Merging 1 fragment for 'stmt_containers'.
[2024-11-12 17:04:27] Merged 113032 bytes (110.38 KiB) for 'stmt_containers'.
[2024-11-12 17:04:27] Merging 1 fragment for 'exprs'.
[2024-11-12 17:04:27] Merged 1221040 bytes (1.16 MiB) for 'exprs'.
[2024-11-12 17:04:27] Merging 1 fragment for 'enclosing_stmt'.
[2024-11-12 17:04:27] Merged 442208 bytes (431.84 KiB) for 'enclosing_stmt'.
[2024-11-12 17:04:27] Merging 1 fragment for 'expr_containers'.
[2024-11-12 17:04:27] Merged 488416 bytes (476.97 KiB) for 'expr_containers'.
[2024-11-12 17:04:27] Merging 1 fragment for 'literals'.
[2024-11-12 17:04:27] Merged 420108 bytes (410.26 KiB) for 'literals'.
[2024-11-12 17:04:27] Merging 1 fragment for 'variables'.
[2024-11-12 17:04:27] Merged 120708 bytes (117.88 KiB) for 'variables'.
[2024-11-12 17:04:27] Merging 1 fragment for 'bind'.
[2024-11-12 17:04:27] Merged 80872 bytes (78.98 KiB) for 'bind'.
[2024-11-12 17:04:27] Merging 1 fragment for 'scopenodes'.
[2024-11-12 17:04:27] Merged 31600 bytes (30.86 KiB) for 'scopenodes'.
[2024-11-12 17:04:27] Merging 1 fragment for 'scopenesting'.
[2024-11-12 17:04:27] Merged 31600 bytes (30.86 KiB) for 'scopenesting'.
[2024-11-12 17:04:27] Merging 1 fragment for 'decl'.
[2024-11-12 17:04:27] Merged 48120 bytes (46.99 KiB) for 'decl'.
[2024-11-12 17:04:27] Merging 1 fragment for 'is_arguments_object'.
[2024-11-12 17:04:27] Merged 15528 bytes (15.16 KiB) for 'is_arguments_object'.
[2024-11-12 17:04:27] Merging 1 fragment for 'entry_cfg_node'.
[2024-11-12 17:04:27] Merged 32152 bytes (31.40 KiB) for 'entry_cfg_node'.
[2024-11-12 17:04:27] Merging 1 fragment for 'exit_cfg_node'.
[2024-11-12 17:04:27] Merged 32152 bytes (31.40 KiB) for 'exit_cfg_node'.
[2024-11-12 17:04:27] Merging 1 fragment for 'successor'.
[2024-11-12 17:04:27] Merged 634568 bytes (619.70 KiB) for 'successor'.
[2024-11-12 17:04:27] Merging 1 fragment for 'is_externs'.
[2024-11-12 17:04:27] Merged 440 bytes for 'is_externs'.
[2024-11-12 17:04:27] Merging 1 fragment for 'filetype'.
[2024-11-12 17:04:27] Merged 968 bytes for 'filetype'.
[2024-11-12 17:04:27] Merging 1 fragment for 'extraction_time'.
[2024-11-12 17:04:27] Merged 43560 bytes (42.54 KiB) for 'extraction_time'.
[2024-11-12 17:04:27] Merging 1 fragment for 'jsdoc_prefix_qualifier'.
[2024-11-12 17:04:27] Merged 7192 bytes (7.02 KiB) for 'jsdoc_prefix_qualifier'.
[2024-11-12 17:04:27] Merging 1 fragment for 'jsdoc_errors'.
[2024-11-12 17:04:27] Merged 3200 bytes (3.12 KiB) for 'jsdoc_errors'.
[2024-11-12 17:04:27] Merging 1 fragment for 'jsdoc_record_field_name'.
[2024-11-12 17:04:27] Merged 5964 bytes (5.82 KiB) for 'jsdoc_record_field_name'.
[2024-11-12 17:04:27] Merging 1 fragment for 'jsdoc_has_new_parameter'.
[2024-11-12 17:04:27] Merged 28 bytes for 'jsdoc_has_new_parameter'.
[2024-11-12 17:04:27] Merging 1 fragment for 'properties'.
[2024-11-12 17:04:27] Merged 2600 bytes (2.54 KiB) for 'properties'.
[2024-11-12 17:04:27] Merging 1 fragment for 'regexpterm'.
[2024-11-12 17:04:27] Merged 2620 bytes (2.56 KiB) for 'regexpterm'.
[2024-11-12 17:04:27] Merging 1 fragment for 'regexp_const_value'.
[2024-11-12 17:04:27] Merged 640 bytes for 'regexp_const_value'.
[2024-11-12 17:04:27] Merging 1 fragment for 'guard_node'.
[2024-11-12 17:04:27] Merged 312 bytes for 'guard_node'.
[2024-11-12 17:04:27] Merging 1 fragment for 'is_module'.
[2024-11-12 17:04:27] Merged 180 bytes for 'is_module'.
[2024-11-12 17:04:27] Merging 1 fragment for 'is_nodejs'.
[2024-11-12 17:04:27] Merged 144 bytes for 'is_nodejs'.
[2024-11-12 17:04:27] Merging 1 fragment for 'json'.
[2024-11-12 17:04:27] Merged 600 bytes for 'json'.
[2024-11-12 17:04:27] Merging 1 fragment for 'json_locations'.
[2024-11-12 17:04:27] Merged 240 bytes for 'json_locations'.
[2024-11-12 17:04:27] Merging 1 fragment for 'json_literals'.
[2024-11-12 17:04:27] Merged 264 bytes for 'json_literals'.
[2024-11-12 17:04:27] Merging 1 fragment for 'json_properties'.
[2024-11-12 17:04:27] Merged 252 bytes for 'json_properties'.
[2024-11-12 17:04:27] Merging 1 fragment for 'xmlElements'.
[2024-11-12 17:04:27] Merged 260 bytes for 'xmlElements'.
[2024-11-12 17:04:27] Merging 1 fragment for 'xmllocations'.
[2024-11-12 17:04:27] Merged 248 bytes for 'xmllocations'.
[2024-11-12 17:04:27] Merging 1 fragment for 'xmlAttrs'.
[2024-11-12 17:04:27] Merged 360 bytes for 'xmlAttrs'.
[2024-11-12 17:04:27] Merging 1 fragment for 'xmlComments'.
[2024-11-12 17:04:27] Merged 48 bytes for 'xmlComments'.
[2024-11-12 17:04:27] Merging 1 fragment for 'is_es2015_module'.
[2024-11-12 17:04:27] Merged 36 bytes for 'is_es2015_module'.
[2024-11-12 17:04:27] Merging 1 fragment for 'local_type_names'.
[2024-11-12 17:04:27] Merged 240 bytes for 'local_type_names'.
[2024-11-12 17:04:27] Merging 1 fragment for 'local_namespace_names'.
[2024-11-12 17:04:27] Merged 240 bytes for 'local_namespace_names'.
[2024-11-12 17:04:27] Merging 1 fragment for 'typedecl'.
[2024-11-12 17:04:27] Merged 160 bytes for 'typedecl'.
[2024-11-12 17:04:27] Merging 1 fragment for 'namespacedecl'.
[2024-11-12 17:04:27] Merged 160 bytes for 'namespacedecl'.
[2024-11-12 17:04:27] Merging 1 fragment for 'array_size'.
[2024-11-12 17:04:27] Merged 64 bytes for 'array_size'.
[2024-11-12 17:04:27] Merging 1 fragment for 'sourceLocationPrefix'.
[2024-11-12 17:04:27] Merged 4 bytes for 'sourceLocationPrefix'.
[2024-11-12 17:04:27] Saving string and id pools to disk.
[2024-11-12 17:04:27] Finished importing TRAP files.
[2024-11-12 17:04:27] Read 43.60 MiB of uncompressed TRAP data.
[2024-11-12 17:04:27] Relation data size: 13.41 MiB (merge rate: 25.54 MiB/s)
[2024-11-12 17:04:27] String pool size: 4.78 MiB
[2024-11-12 17:04:27] ID pool size: 13.00 MiB
[2024-11-12 17:04:28] [PROGRESS] dataset import> Finished writing database (relations: 13.41 MiB; string pool: 4.78 MiB).
[2024-11-12 17:04:28] Pausing evaluation to close the cache at sequence stamp o+131
[2024-11-12 17:04:28] The disk cache is freshly trimmed; leave it be.
[2024-11-12 17:04:28] Unpausing evaluation
[2024-11-12 17:04:28] Plumbing command codeql dataset import completed.
[2024-11-12 17:04:28] [PROGRESS] database finalize> TRAP import complete (4.5s).
[2024-11-12 17:04:28] Running plumbing command: codeql database cleanup -- /Users/haze/Code/crazy-texty/CodeQL-PoC-XSS-App/codeql-db
[2024-11-12 17:04:28] [PROGRESS] database cleanup> Cleaning up existing TRAP files after import...
[2024-11-12 17:04:28] [PROGRESS] database cleanup> TRAP files cleaned up (34ms).
[2024-11-12 17:04:28] [PROGRESS] database cleanup> Cleaning up scratch directory...
[2024-11-12 17:04:28] [PROGRESS] database cleanup> Scratch directory cleaned up (0ms).
[2024-11-12 17:04:28] Running plumbing command: codeql dataset cleanup -- /Users/haze/Code/crazy-texty/CodeQL-PoC-XSS-App/codeql-db/db-javascript
[2024-11-12 17:04:28] [PROGRESS] dataset cleanup> Cleaning up dataset in /Users/haze/Code/crazy-texty/CodeQL-PoC-XSS-App/codeql-db/db-javascript.
[2024-11-12 17:04:28] Trimming disk cache at /Users/haze/Code/crazy-texty/CodeQL-PoC-XSS-App/codeql-db/db-javascript/default/cache in mode trim.
[2024-11-12 17:04:28] Sequence stamp origin is -6117647184724019791
[2024-11-12 17:04:28] Pausing evaluation to quickly trim memory at sequence stamp o+0
[2024-11-12 17:04:28] Unpausing evaluation
[2024-11-12 17:04:28] Pausing evaluation to zealously trim disk at sequence stamp o+1
[2024-11-12 17:04:28] Unpausing evaluation
[2024-11-12 17:04:28] Trimming completed (3ms): Trimmed disposable data from cache.
[2024-11-12 17:04:28] Pausing evaluation to close the cache at sequence stamp o+2
[2024-11-12 17:04:28] The disk cache is freshly trimmed; leave it be.
[2024-11-12 17:04:28] Unpausing evaluation
[2024-11-12 17:04:28] [PROGRESS] dataset cleanup> Trimmed disposable data from cache.
[2024-11-12 17:04:28] [PROGRESS] dataset cleanup> Finalizing dataset in /Users/haze/Code/crazy-texty/CodeQL-PoC-XSS-App/codeql-db/db-javascript
[2024-11-12 17:04:28] [DETAILS] dataset cleanup> Finished deleting ID pool from /Users/haze/Code/crazy-texty/CodeQL-PoC-XSS-App/codeql-db/db-javascript (4ms).
[2024-11-12 17:04:28] Plumbing command codeql dataset cleanup completed.
[2024-11-12 17:04:28] Plumbing command codeql database cleanup completed with status 0.
[2024-11-12 17:04:28] [PROGRESS] database finalize> Finished zipping source archive (248.97 KiB).
[2024-11-12 17:04:28] Plumbing command codeql database finalize completed.
[2024-11-12 17:04:28] [PROGRESS] database create> Successfully created database at /Users/haze/Code/crazy-texty/CodeQL-PoC-XSS-App/codeql-db.
[2024-11-12 17:04:28] Terminating normally.
