[2024-11-12 23:19:57] This is codeql execute queries -J-Xmx1402M --verbosity=progress --logdir=/Users/haze/Code/CodeQL-PoC-XSS-App/codeql-db/log --evaluator-log-level=5 --warnings=show --dynamic-join-order-mode=none --qlconfig-file=/Users/haze/Code/CodeQL-PoC-XSS-App/codeql-custom-queries-javascript/qlconfig.yml --rerun --interpret-passthrough=null,--format=csv,-o=/Users/haze/Code/CodeQL-PoC-XSS-App/codeql-custom-queries-javascript/js-results.csv,--max-paths=4,--csv-location-format=line-column,--print-diagnostics-summary,--print-metrics-summary,--qlconfig-file=/Users/haze/Code/CodeQL-PoC-XSS-App/codeql-custom-queries-javascript/qlconfig.yml,--,/Users/haze/Code/CodeQL-PoC-XSS-App/codeql-db,example.ql --output=/Users/haze/Code/CodeQL-PoC-XSS-App/codeql-db/results -- /Users/haze/Code/CodeQL-PoC-XSS-App/codeql-db/db-javascript example.ql
[2024-11-12 23:19:57] Calling plumbing command: codeql resolve queries --qlconfig-file=/Users/haze/Code/CodeQL-PoC-XSS-App/codeql-custom-queries-javascript/qlconfig.yml --format=json -- example.ql
[2024-11-12 23:19:58] [PROGRESS] resolve queries> Recording pack reference getting-started/codeql-extra-queries-javascript at /Users/haze/Code/CodeQL-PoC-XSS-App/codeql-custom-queries-javascript.
[2024-11-12 23:19:58] Plumbing command codeql resolve queries completed:
                      [
                        "/Users/haze/Code/CodeQL-PoC-XSS-App/codeql-custom-queries-javascript/example.ql"
                      ]
[2024-11-12 23:19:58] Creating executor with 1 threads.
[2024-11-12 23:19:59] Calling plumbing command: codeql resolve extensions --qlconfig-file=/Users/haze/Code/CodeQL-PoC-XSS-App/codeql-custom-queries-javascript/qlconfig.yml --include-extension-row-locations example.ql
[2024-11-12 23:19:59] Calling plumbing command: codeql resolve queries --qlconfig-file=/Users/haze/Code/CodeQL-PoC-XSS-App/codeql-custom-queries-javascript/qlconfig.yml --allow-library-packs --format startingpacks -- example.ql
[2024-11-12 23:19:59] [PROGRESS] resolve queries> Recording pack reference getting-started/codeql-extra-queries-javascript at /Users/haze/Code/CodeQL-PoC-XSS-App/codeql-custom-queries-javascript.
[2024-11-12 23:19:59] Plumbing command codeql resolve queries completed:
                      [
                        "/Users/haze/Code/CodeQL-PoC-XSS-App/codeql-custom-queries-javascript"
                      ]
[2024-11-12 23:19:59] Calling plumbing command: codeql resolve extensions-by-pack --qlconfig-file=/Users/haze/Code/CodeQL-PoC-XSS-App/codeql-custom-queries-javascript/qlconfig.yml --include-extension-row-locations -- /Users/haze/Code/CodeQL-PoC-XSS-App/codeql-custom-queries-javascript
[2024-11-12 23:19:59] [SPAMMY] resolve extensions-by-pack> [INCOMPATIBILITY] getting-started/codeql-extra-queries-javascript: not 1.0.0 {root: getting-started/codeql-extra-queries-javascript@1.0.0}
[2024-11-12 23:19:59] [SPAMMY] resolve extensions-by-pack> [DERIVATION] getting-started/codeql-extra-queries-javascript: 1.0.0 {getting-started/codeql-extra-queries-javascript: not 1.0.0 {root: getting-started/codeql-extra-queries-javascript@1.0.0}}
[2024-11-12 23:20:00] [SPAMMY] resolve extensions-by-pack> [INCOMPATIBILITY] getting-started/codeql-extra-queries-javascript: * [*], codeql/javascript-all: not * [*] {dependency: getting-started/codeql-extra-queries-javascript@* [*] requires codeql/javascript-all@^2.1.0}
[2024-11-12 23:20:00] [SPAMMY] resolve extensions-by-pack> [DECISION 1] getting-started/codeql-extra-queries-javascript: 1.0.0
[2024-11-12 23:20:00] [SPAMMY] resolve extensions-by-pack> [DERIVATION] codeql/javascript-all: * [*] {getting-started/codeql-extra-queries-javascript: * [*], codeql/javascript-all: not * [*] {dependency: getting-started/codeql-extra-queries-javascript@* [*] requires codeql/javascript-all@^2.1.0}}
[2024-11-12 23:20:00] [SPAMMY] resolve extensions-by-pack> [INCOMPATIBILITY] codeql/javascript-all: * [*], codeql/dataflow: not * [*] {dependency: codeql/javascript-all@* [*] requires codeql/dataflow@1.1.5}
[2024-11-12 23:20:00] [SPAMMY] resolve extensions-by-pack> [INCOMPATIBILITY] codeql/javascript-all: * [*], codeql/mad: not * [*] {dependency: codeql/javascript-all@* [*] requires codeql/mad@1.0.11}
[2024-11-12 23:20:00] [SPAMMY] resolve extensions-by-pack> [INCOMPATIBILITY] codeql/javascript-all: * [*], codeql/regex: not * [*] {dependency: codeql/javascript-all@* [*] requires codeql/regex@1.0.11}
[2024-11-12 23:20:00] [SPAMMY] resolve extensions-by-pack> [INCOMPATIBILITY] codeql/javascript-all: * [*], codeql/threat-models: not * [*] {dependency: codeql/javascript-all@* [*] requires codeql/threat-models@1.0.11}
[2024-11-12 23:20:00] [SPAMMY] resolve extensions-by-pack> [INCOMPATIBILITY] codeql/javascript-all: * [*], codeql/tutorial: not * [*] {dependency: codeql/javascript-all@* [*] requires codeql/tutorial@1.0.11}
[2024-11-12 23:20:00] [SPAMMY] resolve extensions-by-pack> [INCOMPATIBILITY] codeql/javascript-all: * [*], codeql/util: not * [*] {dependency: codeql/javascript-all@* [*] requires codeql/util@1.0.11}
[2024-11-12 23:20:00] [SPAMMY] resolve extensions-by-pack> [INCOMPATIBILITY] codeql/javascript-all: * [*], codeql/xml: not * [*] {dependency: codeql/javascript-all@* [*] requires codeql/xml@1.0.11}
[2024-11-12 23:20:00] [SPAMMY] resolve extensions-by-pack> [INCOMPATIBILITY] codeql/javascript-all: * [*], codeql/yaml: not * [*] {dependency: codeql/javascript-all@* [*] requires codeql/yaml@1.0.11}
[2024-11-12 23:20:00] [SPAMMY] resolve extensions-by-pack> [DECISION 2] codeql/javascript-all: 2.1.0
[2024-11-12 23:20:00] [SPAMMY] resolve extensions-by-pack> [DERIVATION] codeql/yaml: * [*] {codeql/javascript-all: * [*], codeql/yaml: not * [*] {dependency: codeql/javascript-all@* [*] requires codeql/yaml@1.0.11}}
[2024-11-12 23:20:00] [SPAMMY] resolve extensions-by-pack> [DERIVATION] codeql/xml: * [*] {codeql/javascript-all: * [*], codeql/xml: not * [*] {dependency: codeql/javascript-all@* [*] requires codeql/xml@1.0.11}}
[2024-11-12 23:20:00] [SPAMMY] resolve extensions-by-pack> [DERIVATION] codeql/util: * [*] {codeql/javascript-all: * [*], codeql/util: not * [*] {dependency: codeql/javascript-all@* [*] requires codeql/util@1.0.11}}
[2024-11-12 23:20:00] [SPAMMY] resolve extensions-by-pack> [DERIVATION] codeql/tutorial: * [*] {codeql/javascript-all: * [*], codeql/tutorial: not * [*] {dependency: codeql/javascript-all@* [*] requires codeql/tutorial@1.0.11}}
[2024-11-12 23:20:00] [SPAMMY] resolve extensions-by-pack> [DERIVATION] codeql/threat-models: * [*] {codeql/javascript-all: * [*], codeql/threat-models: not * [*] {dependency: codeql/javascript-all@* [*] requires codeql/threat-models@1.0.11}}
[2024-11-12 23:20:00] [SPAMMY] resolve extensions-by-pack> [DERIVATION] codeql/regex: * [*] {codeql/javascript-all: * [*], codeql/regex: not * [*] {dependency: codeql/javascript-all@* [*] requires codeql/regex@1.0.11}}
[2024-11-12 23:20:00] [SPAMMY] resolve extensions-by-pack> [DERIVATION] codeql/mad: * [*] {codeql/javascript-all: * [*], codeql/mad: not * [*] {dependency: codeql/javascript-all@* [*] requires codeql/mad@1.0.11}}
[2024-11-12 23:20:00] [SPAMMY] resolve extensions-by-pack> [DERIVATION] codeql/dataflow: * [*] {codeql/javascript-all: * [*], codeql/dataflow: not * [*] {dependency: codeql/javascript-all@* [*] requires codeql/dataflow@1.1.5}}
[2024-11-12 23:20:00] [SPAMMY] resolve extensions-by-pack> [INCOMPATIBILITY] codeql/dataflow: * [*], codeql/ssa: not * [*] {dependency: codeql/dataflow@* [*] requires codeql/ssa@1.0.11}
[2024-11-12 23:20:00] [SPAMMY] resolve extensions-by-pack> [INCOMPATIBILITY] codeql/dataflow: * [*], codeql/typetracking: not * [*] {dependency: codeql/dataflow@* [*] requires codeql/typetracking@1.0.11}
[2024-11-12 23:20:00] [SPAMMY] resolve extensions-by-pack> [INCOMPATIBILITY] codeql/dataflow: * [*], codeql/util: not * [*] {dependency: codeql/dataflow@* [*] requires codeql/util@1.0.11}
[2024-11-12 23:20:00] [SPAMMY] resolve extensions-by-pack> [DECISION 3] codeql/dataflow: 1.1.5
[2024-11-12 23:20:00] [SPAMMY] resolve extensions-by-pack> [DERIVATION] codeql/typetracking: * [*] {codeql/dataflow: * [*], codeql/typetracking: not * [*] {dependency: codeql/dataflow@* [*] requires codeql/typetracking@1.0.11}}
[2024-11-12 23:20:00] [SPAMMY] resolve extensions-by-pack> [DERIVATION] codeql/ssa: * [*] {codeql/dataflow: * [*], codeql/ssa: not * [*] {dependency: codeql/dataflow@* [*] requires codeql/ssa@1.0.11}}
[2024-11-12 23:20:00] [SPAMMY] resolve extensions-by-pack> [INCOMPATIBILITY] codeql/mad: * [*], codeql/dataflow: not * [*] {dependency: codeql/mad@* [*] requires codeql/dataflow@1.1.5}
[2024-11-12 23:20:00] [SPAMMY] resolve extensions-by-pack> [INCOMPATIBILITY] codeql/mad: * [*], codeql/util: not * [*] {dependency: codeql/mad@* [*] requires codeql/util@1.0.11}
[2024-11-12 23:20:00] [SPAMMY] resolve extensions-by-pack> [DECISION 4] codeql/mad: 1.0.11
[2024-11-12 23:20:00] [SPAMMY] resolve extensions-by-pack> [INCOMPATIBILITY] codeql/regex: * [*], codeql/util: not * [*] {dependency: codeql/regex@* [*] requires codeql/util@1.0.11}
[2024-11-12 23:20:00] [SPAMMY] resolve extensions-by-pack> [DECISION 5] codeql/regex: 1.0.11
[2024-11-12 23:20:00] [SPAMMY] resolve extensions-by-pack> [INCOMPATIBILITY] codeql/ssa: * [*], codeql/util: not * [*] {dependency: codeql/ssa@* [*] requires codeql/util@1.0.11}
[2024-11-12 23:20:00] [SPAMMY] resolve extensions-by-pack> [DECISION 6] codeql/ssa: 1.0.11
[2024-11-12 23:20:00] [SPAMMY] resolve extensions-by-pack> [DECISION 7] codeql/threat-models: 1.0.11
[2024-11-12 23:20:00] [SPAMMY] resolve extensions-by-pack> [DECISION 8] codeql/tutorial: 1.0.11
[2024-11-12 23:20:00] [SPAMMY] resolve extensions-by-pack> [INCOMPATIBILITY] codeql/typetracking: * [*], codeql/util: not * [*] {dependency: codeql/typetracking@* [*] requires codeql/util@1.0.11}
[2024-11-12 23:20:00] [SPAMMY] resolve extensions-by-pack> [DECISION 9] codeql/typetracking: 1.0.11
[2024-11-12 23:20:00] [SPAMMY] resolve extensions-by-pack> [DECISION 10] codeql/util: 1.0.11
[2024-11-12 23:20:00] [SPAMMY] resolve extensions-by-pack> [INCOMPATIBILITY] codeql/xml: * [*], codeql/util: not * [*] {dependency: codeql/xml@* [*] requires codeql/util@1.0.11}
[2024-11-12 23:20:00] [SPAMMY] resolve extensions-by-pack> [DECISION 11] codeql/xml: 1.0.11
[2024-11-12 23:20:00] [SPAMMY] resolve extensions-by-pack> [DECISION 12] codeql/yaml: 1.0.11
[2024-11-12 23:20:00] [PROGRESS] resolve extensions-by-pack> Loading data extensions in /Users/haze/Code/codeql/qlpacks/codeql/javascript-all/2.1.0/ext/default-threat-models-fixup.model.yml.
[2024-11-12 23:20:00] [DETAILS] resolve extensions-by-pack>   Found extension targeting codeql/threat-models:threatModelConfiguration: 1 tuples.
[2024-11-12 23:20:00] [PROGRESS] resolve extensions-by-pack> Loading data extensions in /Users/haze/Code/codeql/qlpacks/codeql/javascript-all/2.1.0/semmle/javascript/frameworks/NoSQL.model.yml.
[2024-11-12 23:20:00] [DETAILS] resolve extensions-by-pack>   Found extension targeting codeql/javascript-all:typeModel: 4 tuples.
[2024-11-12 23:20:00] [PROGRESS] resolve extensions-by-pack> Loading data extensions in /Users/haze/Code/codeql/qlpacks/codeql/javascript-all/2.1.0/semmle/javascript/frameworks/NodeJSLib.model.yml.
[2024-11-12 23:20:00] [DETAILS] resolve extensions-by-pack>   Found extension targeting codeql/javascript-all:sourceModel: 5 tuples.
[2024-11-12 23:20:00] [PROGRESS] resolve extensions-by-pack> Loading data extensions in /Users/haze/Code/codeql/qlpacks/codeql/javascript-all/2.1.0/semmle/javascript/frameworks/SQL.model.yml.
[2024-11-12 23:20:00] [DETAILS] resolve extensions-by-pack>   Found extension targeting codeql/javascript-all:sourceModel: 5 tuples.
[2024-11-12 23:20:00] [DETAILS] resolve extensions-by-pack>   Found extension targeting codeql/javascript-all:sinkModel: 4 tuples.
[2024-11-12 23:20:00] [PROGRESS] resolve extensions-by-pack> Loading data extensions in /Users/haze/Code/codeql/qlpacks/codeql/javascript-all/2.1.0/semmle/javascript/frameworks/data/internal/empty.model.yml.
[2024-11-12 23:20:00] [DETAILS] resolve extensions-by-pack>   Found extension targeting codeql/javascript-all:sourceModel: 0 tuples.
[2024-11-12 23:20:00] [DETAILS] resolve extensions-by-pack>   Found extension targeting codeql/javascript-all:sinkModel: 0 tuples.
[2024-11-12 23:20:00] [DETAILS] resolve extensions-by-pack>   Found extension targeting codeql/javascript-all:summaryModel: 0 tuples.
[2024-11-12 23:20:00] [DETAILS] resolve extensions-by-pack>   Found extension targeting codeql/javascript-all:neutralModel: 0 tuples.
[2024-11-12 23:20:00] [DETAILS] resolve extensions-by-pack>   Found extension targeting codeql/javascript-all:typeModel: 0 tuples.
[2024-11-12 23:20:00] [DETAILS] resolve extensions-by-pack>   Found extension targeting codeql/javascript-all:typeVariableModel: 0 tuples.
[2024-11-12 23:20:00] [PROGRESS] resolve extensions-by-pack> Loading data extensions in /Users/haze/Code/codeql/qlpacks/codeql/javascript-all/2.1.0/semmle/javascript/frameworks/helmet/Helmet.Required.Setting.model.yml.
[2024-11-12 23:20:00] [DETAILS] resolve extensions-by-pack>   Found extension targeting codeql/javascript-all:requiredHelmetSecuritySetting: 2 tuples.
[2024-11-12 23:20:00] [PROGRESS] resolve extensions-by-pack> Loading data extensions in /Users/haze/Code/codeql/qlpacks/codeql/javascript-all/2.1.0/semmle/javascript/frameworks/minimongo/model.yml.
[2024-11-12 23:20:00] [DETAILS] resolve extensions-by-pack>   Found extension targeting codeql/javascript-all:typeModel: 75 tuples.
[2024-11-12 23:20:00] [PROGRESS] resolve extensions-by-pack> Loading data extensions in /Users/haze/Code/codeql/qlpacks/codeql/javascript-all/2.1.0/semmle/javascript/frameworks/mongodb/model.yml.
[2024-11-12 23:20:00] [DETAILS] resolve extensions-by-pack>   Found extension targeting codeql/javascript-all:sinkModel: 26 tuples.
[2024-11-12 23:20:00] [DETAILS] resolve extensions-by-pack>   Found extension targeting codeql/javascript-all:typeModel: 611 tuples.
[2024-11-12 23:20:00] [DETAILS] resolve extensions-by-pack>   Found extension targeting codeql/javascript-all:summaryModel: 32 tuples.
[2024-11-12 23:20:00] [DETAILS] resolve extensions-by-pack>   Found extension targeting codeql/javascript-all:typeVariableModel: 102 tuples.
[2024-11-12 23:20:00] [PROGRESS] resolve extensions-by-pack> Loading data extensions in /Users/haze/Code/codeql/qlpacks/codeql/javascript-all/2.1.0/semmle/javascript/frameworks/mssql/model.yml.
[2024-11-12 23:20:00] [DETAILS] resolve extensions-by-pack>   Found extension targeting codeql/javascript-all:typeModel: 34 tuples.
[2024-11-12 23:20:00] [PROGRESS] resolve extensions-by-pack> Loading data extensions in /Users/haze/Code/codeql/qlpacks/codeql/javascript-all/2.1.0/semmle/javascript/frameworks/mysql/model.yml.
[2024-11-12 23:20:00] [DETAILS] resolve extensions-by-pack>   Found extension targeting codeql/javascript-all:typeModel: 57 tuples.
[2024-11-12 23:20:00] [DETAILS] resolve extensions-by-pack>   Found extension targeting codeql/javascript-all:summaryModel: 3 tuples.
[2024-11-12 23:20:00] [PROGRESS] resolve extensions-by-pack> Loading data extensions in /Users/haze/Code/codeql/qlpacks/codeql/javascript-all/2.1.0/semmle/javascript/frameworks/pg/model.yml.
[2024-11-12 23:20:00] [DETAILS] resolve extensions-by-pack>   Found extension targeting codeql/javascript-all:typeModel: 65 tuples.
[2024-11-12 23:20:00] [DETAILS] resolve extensions-by-pack>   Found extension targeting codeql/javascript-all:summaryModel: 5 tuples.
[2024-11-12 23:20:00] [DETAILS] resolve extensions-by-pack>   Found extension targeting codeql/javascript-all:typeVariableModel: 23 tuples.
[2024-11-12 23:20:01] [PROGRESS] resolve extensions-by-pack> Loading data extensions in /Users/haze/Code/codeql/qlpacks/codeql/javascript-all/2.1.0/semmle/javascript/frameworks/sequelize/model.yml.
[2024-11-12 23:20:01] [DETAILS] resolve extensions-by-pack>   Found extension targeting codeql/javascript-all:sinkModel: 7 tuples.
[2024-11-12 23:20:01] [DETAILS] resolve extensions-by-pack>   Found extension targeting codeql/javascript-all:typeModel: 248 tuples.
[2024-11-12 23:20:01] [DETAILS] resolve extensions-by-pack>   Found extension targeting codeql/javascript-all:summaryModel: 5 tuples.
[2024-11-12 23:20:01] [DETAILS] resolve extensions-by-pack>   Found extension targeting codeql/javascript-all:typeVariableModel: 2 tuples.
[2024-11-12 23:20:01] [PROGRESS] resolve extensions-by-pack> Loading data extensions in /Users/haze/Code/codeql/qlpacks/codeql/javascript-all/2.1.0/semmle/javascript/frameworks/spanner/model.yml.
[2024-11-12 23:20:01] [DETAILS] resolve extensions-by-pack>   Found extension targeting codeql/javascript-all:typeModel: 174 tuples.
[2024-11-12 23:20:01] [DETAILS] resolve extensions-by-pack>   Found extension targeting codeql/javascript-all:typeVariableModel: 5 tuples.
[2024-11-12 23:20:01] [PROGRESS] resolve extensions-by-pack> Loading data extensions in /Users/haze/Code/codeql/qlpacks/codeql/javascript-all/2.1.0/semmle/javascript/frameworks/sqlite3/model.yml.
[2024-11-12 23:20:01] [DETAILS] resolve extensions-by-pack>   Found extension targeting codeql/javascript-all:typeModel: 15 tuples.
[2024-11-12 23:20:01] [DETAILS] resolve extensions-by-pack>   Found extension targeting codeql/javascript-all:summaryModel: 3 tuples.
[2024-11-12 23:20:01] [PROGRESS] resolve extensions-by-pack> Loading data extensions in /Users/haze/Code/codeql/qlpacks/codeql/javascript-all/2.1.0/semmle/javascript/security/domains/IntegrityCheckingRequired/integrity_checking_required.model.yml.
[2024-11-12 23:20:01] [DETAILS] resolve extensions-by-pack>   Found extension targeting codeql/javascript-all:isCdnDomainWithCheckingRequired: 3 tuples.
[2024-11-12 23:20:01] [PROGRESS] resolve extensions-by-pack> Loading data extensions in /Users/haze/Code/codeql/qlpacks/codeql/javascript-all/2.1.0/semmle/javascript/security/domains/compromised/compromised_domains.model.yml.
[2024-11-12 23:20:01] [DETAILS] resolve extensions-by-pack>   Found extension targeting codeql/javascript-all:isUntrustedDomain: 1 tuples.
[2024-11-12 23:20:01] [PROGRESS] resolve extensions-by-pack> Loading data extensions in /Users/haze/Code/codeql/qlpacks/codeql/javascript-all/2.1.0/semmle/javascript/security/domains/untrusted/untrusted_domains.model.yml.
[2024-11-12 23:20:01] [DETAILS] resolve extensions-by-pack>   Found extension targeting codeql/javascript-all:isUntrustedDomain: 6 tuples.
[2024-11-12 23:20:01] [PROGRESS] resolve extensions-by-pack> Loading data extensions in /Users/haze/Code/codeql/qlpacks/codeql/threat-models/1.0.11/ext/supported-threat-models.model.yml.
[2024-11-12 23:20:01] [DETAILS] resolve extensions-by-pack>   Found extension targeting codeql/threat-models:threatModelConfiguration: 1 tuples.
[2024-11-12 23:20:01] [PROGRESS] resolve extensions-by-pack> Loading data extensions in /Users/haze/Code/codeql/qlpacks/codeql/threat-models/1.0.11/ext/threat-model-grouping.model.yml.
[2024-11-12 23:20:01] [DETAILS] resolve extensions-by-pack>   Found extension targeting codeql/threat-models:threatModelGrouping: 14 tuples.
[2024-11-12 23:20:01] [PROGRESS] resolve extensions-by-pack> Loading data extensions in /Users/haze/Code/codeql/qlpacks/codeql/util/1.0.11/ext/default-alert-filter.yml.
[2024-11-12 23:20:01] [DETAILS] resolve extensions-by-pack>   Found extension targeting codeql/util:restrictAlertsTo: 0 tuples.
[2024-11-12 23:20:01] Plumbing command codeql resolve extensions-by-pack completed:
                      {
                        "models" : [ ],
                        "data" : {
                          "/Users/haze/Code/CodeQL-PoC-XSS-App/codeql-custom-queries-javascript" : [
                            {
                              "predicate" : "threatModelConfiguration",
                              "file" : "/Users/haze/Code/codeql/qlpacks/codeql/javascript-all/2.1.0/ext/default-threat-models-fixup.model.yml",
                              "index" : 0,
                              "firstRowId" : 0,
                              "rowCount" : 1,
                              "predicateHasOrigin" : false,
                              "locations" : {
                                "lineNumbers" : "A=8",
                                "columnNumbers" : "A=9"
                              }
                            },
                            {
                              "predicate" : "typeModel",
                              "file" : "/Users/haze/Code/codeql/qlpacks/codeql/javascript-all/2.1.0/semmle/javascript/frameworks/NoSQL.model.yml",
                              "index" : 0,
                              "firstRowId" : 1,
                              "rowCount" : 4,
                              "predicateHasOrigin" : false,
                              "locations" : {
                                "lineNumbers" : "A=8+3+1*2",
                                "columnNumbers" : "A=9*4"
                              }
                            },
                            {
                              "predicate" : "sourceModel",
                              "file" : "/Users/haze/Code/codeql/qlpacks/codeql/javascript-all/2.1.0/semmle/javascript/frameworks/NodeJSLib.model.yml",
                              "index" : 0,
                              "firstRowId" : 5,
                              "rowCount" : 5,
                              "predicateHasOrigin" : true,
                              "locations" : {
                                "lineNumbers" : "A=6+1*4",
                                "columnNumbers" : "A=9*5"
                              }
                            },
                            {
                              "predicate" : "sourceModel",
                              "file" : "/Users/haze/Code/codeql/qlpacks/codeql/javascript-all/2.1.0/semmle/javascript/frameworks/SQL.model.yml",
                              "index" : 0,
                              "firstRowId" : 10,
                              "rowCount" : 5,
                              "predicateHasOrigin" : true,
                              "locations" : {
                                "lineNumbers" : "A=6+1*4",
                                "columnNumbers" : "A=9*5"
                              }
                            },
                            {
                              "predicate" : "sinkModel",
                              "file" : "/Users/haze/Code/codeql/qlpacks/codeql/javascript-all/2.1.0/semmle/javascript/frameworks/SQL.model.yml",
                              "index" : 1,
                              "firstRowId" : 15,
                              "rowCount" : 4,
                              "predicateHasOrigin" : true,
                              "locations" : {
                                "lineNumbers" : "A=16+1*3",
                                "columnNumbers" : "A=9*4"
                              }
                            },
                            {
                              "predicate" : "sourceModel",
                              "file" : "/Users/haze/Code/codeql/qlpacks/codeql/javascript-all/2.1.0/semmle/javascript/frameworks/data/internal/empty.model.yml",
                              "index" : 0,
                              "firstRowId" : 19,
                              "rowCount" : 0,
                              "predicateHasOrigin" : true,
                              "locations" : {
                                "lineNumbers" : "A",
                                "columnNumbers" : "A"
                              }
                            },
                            {
                              "predicate" : "sinkModel",
                              "file" : "/Users/haze/Code/codeql/qlpacks/codeql/javascript-all/2.1.0/semmle/javascript/frameworks/data/internal/empty.model.yml",
                              "index" : 1,
                              "firstRowId" : 19,
                              "rowCount" : 0,
                              "predicateHasOrigin" : true,
                              "locations" : {
                                "lineNumbers" : "A",
                                "columnNumbers" : "A"
                              }
                            },
                            {
                              "predicate" : "summaryModel",
                              "file" : "/Users/haze/Code/codeql/qlpacks/codeql/javascript-all/2.1.0/semmle/javascript/frameworks/data/internal/empty.model.yml",
                              "index" : 2,
                              "firstRowId" : 19,
                              "rowCount" : 0,
                              "predicateHasOrigin" : true,
                              "locations" : {
                                "lineNumbers" : "A",
                                "columnNumbers" : "A"
                              }
                            },
                            {
                              "predicate" : "neutralModel",
                              "file" : "/Users/haze/Code/codeql/qlpacks/codeql/javascript-all/2.1.0/semmle/javascript/frameworks/data/internal/empty.model.yml",
                              "index" : 3,
                              "firstRowId" : 19,
                              "rowCount" : 0,
                              "predicateHasOrigin" : false,
                              "locations" : {
                                "lineNumbers" : "A",
                                "columnNumbers" : "A"
                              }
                            },
                            {
                              "predicate" : "typeModel",
                              "file" : "/Users/haze/Code/codeql/qlpacks/codeql/javascript-all/2.1.0/semmle/javascript/frameworks/data/internal/empty.model.yml",
                              "index" : 4,
                              "firstRowId" : 19,
                              "rowCount" : 0,
                              "predicateHasOrigin" : false,
                              "locations" : {
                                "lineNumbers" : "A",
                                "columnNumbers" : "A"
                              }
                            },
                            {
                              "predicate" : "typeVariableModel",
                              "file" : "/Users/haze/Code/codeql/qlpacks/codeql/javascript-all/2.1.0/semmle/javascript/frameworks/data/internal/empty.model.yml",
                              "index" : 5,
                              "firstRowId" : 19,
                              "rowCount" : 0,
                              "predicateHasOrigin" : false,
                              "locations" : {
                                "lineNumbers" : "A",
                                "columnNumbers" : "A"
                              }
                            },
                            {
                              "predicate" : "requiredHelmetSecuritySetting",
                              "file" : "/Users/haze/Code/codeql/qlpacks/codeql/javascript-all/2.1.0/semmle/javascript/frameworks/helmet/Helmet.Required.Setting.model.yml",
                              "index" : 0,
                              "firstRowId" : 19,
                              "rowCount" : 2,
                              "predicateHasOrigin" : false,
                              "locations" : {
                                "lineNumbers" : "A=6+1",
                                "columnNumbers" : "A=9*2"
                              }
                            },
                            {
                              "predicate" : "typeModel",
                              "file" : "/Users/haze/Code/codeql/qlpacks/codeql/javascript-all/2.1.0/semmle/javascript/frameworks/minimongo/model.yml",
                              "index" : 0,
                              "firstRowId" : 21,
                              "rowCount" : 75,
                              "predicateHasOrigin" : false,
                              "locations" : {
                                "lineNumbers" : "A=6+1*74",
                                "columnNumbers" : "A=9*75"
                              }
                            },
                            {
                              "predicate" : "sinkModel",
                              "file" : "/Users/haze/Code/codeql/qlpacks/codeql/javascript-all/2.1.0/semmle/javascript/frameworks/mongodb/model.yml",
                              "index" : 0,
                              "firstRowId" : 96,
                              "rowCount" : 26,
                              "predicateHasOrigin" : true,
                              "locations" : {
                                "lineNumbers" : "A=6+1*25",
                                "columnNumbers" : "A=9*26"
                              }
                            },
                            {
                              "predicate" : "typeModel",
                              "file" : "/Users/haze/Code/codeql/qlpacks/codeql/javascript-all/2.1.0/semmle/javascript/frameworks/mongodb/model.yml",
                              "index" : 1,
                              "firstRowId" : 122,
                              "rowCount" : 611,
                              "predicateHasOrigin" : false,
                              "locations" : {
                                "lineNumbers" : "A=37+1*610",
                                "columnNumbers" : "A=9*611"
                              }
                            },
                            {
                              "predicate" : "summaryModel",
                              "file" : "/Users/haze/Code/codeql/qlpacks/codeql/javascript-all/2.1.0/semmle/javascript/frameworks/mongodb/model.yml",
                              "index" : 2,
                              "firstRowId" : 733,
                              "rowCount" : 32,
                              "predicateHasOrigin" : true,
                              "locations" : {
                                "lineNumbers" : "A=653+1*31",
                                "columnNumbers" : "A=9*32"
                              }
                            },
                            {
                              "predicate" : "typeVariableModel",
                              "file" : "/Users/haze/Code/codeql/qlpacks/codeql/javascript-all/2.1.0/semmle/javascript/frameworks/mongodb/model.yml",
                              "index" : 3,
                              "firstRowId" : 765,
                              "rowCount" : 102,
                              "predicateHasOrigin" : false,
                              "locations" : {
                                "lineNumbers" : "A=690+1*101",
                                "columnNumbers" : "A=9*102"
                              }
                            },
                            {
                              "predicate" : "typeModel",
                              "file" : "/Users/haze/Code/codeql/qlpacks/codeql/javascript-all/2.1.0/semmle/javascript/frameworks/mssql/model.yml",
                              "index" : 0,
                              "firstRowId" : 867,
                              "rowCount" : 34,
                              "predicateHasOrigin" : false,
                              "locations" : {
                                "lineNumbers" : "A=6+1*33",
                                "columnNumbers" : "A=9*34"
                              }
                            },
                            {
                              "predicate" : "typeModel",
                              "file" : "/Users/haze/Code/codeql/qlpacks/codeql/javascript-all/2.1.0/semmle/javascript/frameworks/mysql/model.yml",
                              "index" : 0,
                              "firstRowId" : 901,
                              "rowCount" : 57,
                              "predicateHasOrigin" : false,
                              "locations" : {
                                "lineNumbers" : "A=6+1*56",
                                "columnNumbers" : "A=9*57"
                              }
                            },
                            {
                              "predicate" : "summaryModel",
                              "file" : "/Users/haze/Code/codeql/qlpacks/codeql/javascript-all/2.1.0/semmle/javascript/frameworks/mysql/model.yml",
                              "index" : 1,
                              "firstRowId" : 958,
                              "rowCount" : 3,
                              "predicateHasOrigin" : true,
                              "locations" : {
                                "lineNumbers" : "A=68+1*2",
                                "columnNumbers" : "A=9*3"
                              }
                            },
                            {
                              "predicate" : "typeModel",
                              "file" : "/Users/haze/Code/codeql/qlpacks/codeql/javascript-all/2.1.0/semmle/javascript/frameworks/pg/model.yml",
                              "index" : 0,
                              "firstRowId" : 961,
                              "rowCount" : 65,
                              "predicateHasOrigin" : false,
                              "locations" : {
                                "lineNumbers" : "A=6+1*64",
                                "columnNumbers" : "A=9*65"
                              }
                            },
                            {
                              "predicate" : "summaryModel",
                              "file" : "/Users/haze/Code/codeql/qlpacks/codeql/javascript-all/2.1.0/semmle/javascript/frameworks/pg/model.yml",
                              "index" : 1,
                              "firstRowId" : 1026,
                              "rowCount" : 5,
                              "predicateHasOrigin" : true,
                              "locations" : {
                                "lineNumbers" : "A=76+1*4",
                                "columnNumbers" : "A=9*5"
                              }
                            },
                            {
                              "predicate" : "typeVariableModel",
                              "file" : "/Users/haze/Code/codeql/qlpacks/codeql/javascript-all/2.1.0/semmle/javascript/frameworks/pg/model.yml",
                              "index" : 2,
                              "firstRowId" : 1031,
                              "rowCount" : 23,
                              "predicateHasOrigin" : false,
                              "locations" : {
                                "lineNumbers" : "A=86+1*22",
                                "columnNumbers" : "A=9*23"
                              }
                            },
                            {
                              "predicate" : "sinkModel",
                              "file" : "/Users/haze/Code/codeql/qlpacks/codeql/javascript-all/2.1.0/semmle/javascript/frameworks/sequelize/model.yml",
                              "index" : 0,
                              "firstRowId" : 1054,
                              "rowCount" : 7,
                              "predicateHasOrigin" : true,
                              "locations" : {
                                "lineNumbers" : "A=6+1*6",
                                "columnNumbers" : "A=9*7"
                              }
                            },
                            {
                              "predicate" : "typeModel",
                              "file" : "/Users/haze/Code/codeql/qlpacks/codeql/javascript-all/2.1.0/semmle/javascript/frameworks/sequelize/model.yml",
                              "index" : 1,
                              "firstRowId" : 1061,
                              "rowCount" : 248,
                              "predicateHasOrigin" : false,
                              "locations" : {
                                "lineNumbers" : "A=18+1*247",
                                "columnNumbers" : "A=9*248"
                              }
                            },
                            {
                              "predicate" : "summaryModel",
                              "file" : "/Users/haze/Code/codeql/qlpacks/codeql/javascript-all/2.1.0/semmle/javascript/frameworks/sequelize/model.yml",
                              "index" : 2,
                              "firstRowId" : 1309,
                              "rowCount" : 5,
                              "predicateHasOrigin" : true,
                              "locations" : {
                                "lineNumbers" : "A=271+1*4",
                                "columnNumbers" : "A=9*5"
                              }
                            },
                            {
                              "predicate" : "typeVariableModel",
                              "file" : "/Users/haze/Code/codeql/qlpacks/codeql/javascript-all/2.1.0/semmle/javascript/frameworks/sequelize/model.yml",
                              "index" : 3,
                              "firstRowId" : 1314,
                              "rowCount" : 2,
                              "predicateHasOrigin" : false,
                              "locations" : {
                                "lineNumbers" : "A=281+1",
                                "columnNumbers" : "A=9*2"
                              }
                            },
                            {
                              "predicate" : "typeModel",
                              "file" : "/Users/haze/Code/codeql/qlpacks/codeql/javascript-all/2.1.0/semmle/javascript/frameworks/spanner/model.yml",
                              "index" : 0,
                              "firstRowId" : 1316,
                              "rowCount" : 174,
                              "predicateHasOrigin" : false,
                              "locations" : {
                                "lineNumbers" : "A=6+1*173",
                                "columnNumbers" : "A=9*174"
                              }
                            },
                            {
                              "predicate" : "typeVariableModel",
                              "file" : "/Users/haze/Code/codeql/qlpacks/codeql/javascript-all/2.1.0/semmle/javascript/frameworks/spanner/model.yml",
                              "index" : 1,
                              "firstRowId" : 1490,
                              "rowCount" : 5,
                              "predicateHasOrigin" : false,
                              "locations" : {
                                "lineNumbers" : "A=185+1*4",
                                "columnNumbers" : "A=9*5"
                              }
                            },
                            {
                              "predicate" : "typeModel",
                              "file" : "/Users/haze/Code/codeql/qlpacks/codeql/javascript-all/2.1.0/semmle/javascript/frameworks/sqlite3/model.yml",
                              "index" : 0,
                              "firstRowId" : 1495,
                              "rowCount" : 15,
                              "predicateHasOrigin" : false,
                              "locations" : {
                                "lineNumbers" : "A=6+1*14",
                                "columnNumbers" : "A=9*15"
                              }
                            },
                            {
                              "predicate" : "summaryModel",
                              "file" : "/Users/haze/Code/codeql/qlpacks/codeql/javascript-all/2.1.0/semmle/javascript/frameworks/sqlite3/model.yml",
                              "index" : 1,
                              "firstRowId" : 1510,
                              "rowCount" : 3,
                              "predicateHasOrigin" : true,
                              "locations" : {
                                "lineNumbers" : "A=26+1*2",
                                "columnNumbers" : "A=9*3"
                              }
                            },
                            {
                              "predicate" : "isCdnDomainWithCheckingRequired",
                              "file" : "/Users/haze/Code/codeql/qlpacks/codeql/javascript-all/2.1.0/semmle/javascript/security/domains/IntegrityCheckingRequired/integrity_checking_required.model.yml",
                              "index" : 0,
                              "firstRowId" : 1513,
                              "rowCount" : 3,
                              "predicateHasOrigin" : false,
                              "locations" : {
                                "lineNumbers" : "A=6+1*2",
                                "columnNumbers" : "A=9*3"
                              }
                            },
                            {
                              "predicate" : "isUntrustedDomain",
                              "file" : "/Users/haze/Code/codeql/qlpacks/codeql/javascript-all/2.1.0/semmle/javascript/security/domains/compromised/compromised_domains.model.yml",
                              "index" : 0,
                              "firstRowId" : 1516,
                              "rowCount" : 1,
                              "predicateHasOrigin" : false,
                              "locations" : {
                                "lineNumbers" : "A=6",
                                "columnNumbers" : "A=9"
                              }
                            },
                            {
                              "predicate" : "isUntrustedDomain",
                              "file" : "/Users/haze/Code/codeql/qlpacks/codeql/javascript-all/2.1.0/semmle/javascript/security/domains/untrusted/untrusted_domains.model.yml",
                              "index" : 0,
                              "firstRowId" : 1517,
                              "rowCount" : 6,
                              "predicateHasOrigin" : false,
                              "locations" : {
                                "lineNumbers" : "A=7+1+3+1*3",
                                "columnNumbers" : "A=9*6"
                              }
                            },
                            {
                              "predicate" : "threatModelConfiguration",
                              "file" : "/Users/haze/Code/codeql/qlpacks/codeql/threat-models/1.0.11/ext/supported-threat-models.model.yml",
                              "index" : 0,
                              "firstRowId" : 1523,
                              "rowCount" : 1,
                              "predicateHasOrigin" : false,
                              "locations" : {
                                "lineNumbers" : "A=6",
                                "columnNumbers" : "A=9"
                              }
                            },
                            {
                              "predicate" : "threatModelGrouping",
                              "file" : "/Users/haze/Code/codeql/qlpacks/codeql/threat-models/1.0.11/ext/threat-model-grouping.model.yml",
                              "index" : 0,
                              "firstRowId" : 1524,
                              "rowCount" : 14,
                              "predicateHasOrigin" : false,
                              "locations" : {
                                "lineNumbers" : "A=8+3+1+3+1*5+3+1+5+1*2",
                                "columnNumbers" : "A=9*14"
                              }
                            },
                            {
                              "predicate" : "restrictAlertsTo",
                              "file" : "/Users/haze/Code/codeql/qlpacks/codeql/util/1.0.11/ext/default-alert-filter.yml",
                              "index" : 0,
                              "firstRowId" : 1538,
                              "rowCount" : 0,
                              "predicateHasOrigin" : false,
                              "locations" : {
                                "lineNumbers" : "A",
                                "columnNumbers" : "A"
                              }
                            }
                          ]
                        },
                        "threatModels" : {
                          "/Users/haze/Code/CodeQL-PoC-XSS-App/codeql-custom-queries-javascript" : {
                            "extensions" : [
                              {
                                "data" : [ ],
                                "addsTo" : {
                                  "extensible" : "threatModelConfiguration",
                                  "packName" : "codeql/threat-models"
                                }
                              }
                            ]
                          }
                        },
                        "extensionPacks" : [ ]
                      }
[2024-11-12 23:20:01] Plumbing command codeql resolve extensions completed:
                      {
                        "models" : [ ],
                        "data" : {
                          "/Users/haze/Code/CodeQL-PoC-XSS-App/codeql-custom-queries-javascript" : [
                            {
                              "predicate" : "threatModelConfiguration",
                              "file" : "/Users/haze/Code/codeql/qlpacks/codeql/javascript-all/2.1.0/ext/default-threat-models-fixup.model.yml",
                              "index" : 0,
                              "firstRowId" : 0,
                              "rowCount" : 1,
                              "predicateHasOrigin" : false,
                              "locations" : {
                                "lineNumbers" : "A=8",
                                "columnNumbers" : "A=9"
                              }
                            },
                            {
                              "predicate" : "typeModel",
                              "file" : "/Users/haze/Code/codeql/qlpacks/codeql/javascript-all/2.1.0/semmle/javascript/frameworks/NoSQL.model.yml",
                              "index" : 0,
                              "firstRowId" : 1,
                              "rowCount" : 4,
                              "predicateHasOrigin" : false,
                              "locations" : {
                                "lineNumbers" : "A=8+3+1*2",
                                "columnNumbers" : "A=9*4"
                              }
                            },
                            {
                              "predicate" : "sourceModel",
                              "file" : "/Users/haze/Code/codeql/qlpacks/codeql/javascript-all/2.1.0/semmle/javascript/frameworks/NodeJSLib.model.yml",
                              "index" : 0,
                              "firstRowId" : 5,
                              "rowCount" : 5,
                              "predicateHasOrigin" : true,
                              "locations" : {
                                "lineNumbers" : "A=6+1*4",
                                "columnNumbers" : "A=9*5"
                              }
                            },
                            {
                              "predicate" : "sourceModel",
                              "file" : "/Users/haze/Code/codeql/qlpacks/codeql/javascript-all/2.1.0/semmle/javascript/frameworks/SQL.model.yml",
                              "index" : 0,
                              "firstRowId" : 10,
                              "rowCount" : 5,
                              "predicateHasOrigin" : true,
                              "locations" : {
                                "lineNumbers" : "A=6+1*4",
                                "columnNumbers" : "A=9*5"
                              }
                            },
                            {
                              "predicate" : "sinkModel",
                              "file" : "/Users/haze/Code/codeql/qlpacks/codeql/javascript-all/2.1.0/semmle/javascript/frameworks/SQL.model.yml",
                              "index" : 1,
                              "firstRowId" : 15,
                              "rowCount" : 4,
                              "predicateHasOrigin" : true,
                              "locations" : {
                                "lineNumbers" : "A=16+1*3",
                                "columnNumbers" : "A=9*4"
                              }
                            },
                            {
                              "predicate" : "sourceModel",
                              "file" : "/Users/haze/Code/codeql/qlpacks/codeql/javascript-all/2.1.0/semmle/javascript/frameworks/data/internal/empty.model.yml",
                              "index" : 0,
                              "firstRowId" : 19,
                              "rowCount" : 0,
                              "predicateHasOrigin" : true,
                              "locations" : {
                                "lineNumbers" : "A",
                                "columnNumbers" : "A"
                              }
                            },
                            {
                              "predicate" : "sinkModel",
                              "file" : "/Users/haze/Code/codeql/qlpacks/codeql/javascript-all/2.1.0/semmle/javascript/frameworks/data/internal/empty.model.yml",
                              "index" : 1,
                              "firstRowId" : 19,
                              "rowCount" : 0,
                              "predicateHasOrigin" : true,
                              "locations" : {
                                "lineNumbers" : "A",
                                "columnNumbers" : "A"
                              }
                            },
                            {
                              "predicate" : "summaryModel",
                              "file" : "/Users/haze/Code/codeql/qlpacks/codeql/javascript-all/2.1.0/semmle/javascript/frameworks/data/internal/empty.model.yml",
                              "index" : 2,
                              "firstRowId" : 19,
                              "rowCount" : 0,
                              "predicateHasOrigin" : true,
                              "locations" : {
                                "lineNumbers" : "A",
                                "columnNumbers" : "A"
                              }
                            },
                            {
                              "predicate" : "neutralModel",
                              "file" : "/Users/haze/Code/codeql/qlpacks/codeql/javascript-all/2.1.0/semmle/javascript/frameworks/data/internal/empty.model.yml",
                              "index" : 3,
                              "firstRowId" : 19,
                              "rowCount" : 0,
                              "predicateHasOrigin" : false,
                              "locations" : {
                                "lineNumbers" : "A",
                                "columnNumbers" : "A"
                              }
                            },
                            {
                              "predicate" : "typeModel",
                              "file" : "/Users/haze/Code/codeql/qlpacks/codeql/javascript-all/2.1.0/semmle/javascript/frameworks/data/internal/empty.model.yml",
                              "index" : 4,
                              "firstRowId" : 19,
                              "rowCount" : 0,
                              "predicateHasOrigin" : false,
                              "locations" : {
                                "lineNumbers" : "A",
                                "columnNumbers" : "A"
                              }
                            },
                            {
                              "predicate" : "typeVariableModel",
                              "file" : "/Users/haze/Code/codeql/qlpacks/codeql/javascript-all/2.1.0/semmle/javascript/frameworks/data/internal/empty.model.yml",
                              "index" : 5,
                              "firstRowId" : 19,
                              "rowCount" : 0,
                              "predicateHasOrigin" : false,
                              "locations" : {
                                "lineNumbers" : "A",
                                "columnNumbers" : "A"
                              }
                            },
                            {
                              "predicate" : "requiredHelmetSecuritySetting",
                              "file" : "/Users/haze/Code/codeql/qlpacks/codeql/javascript-all/2.1.0/semmle/javascript/frameworks/helmet/Helmet.Required.Setting.model.yml",
                              "index" : 0,
                              "firstRowId" : 19,
                              "rowCount" : 2,
                              "predicateHasOrigin" : false,
                              "locations" : {
                                "lineNumbers" : "A=6+1",
                                "columnNumbers" : "A=9*2"
                              }
                            },
                            {
                              "predicate" : "typeModel",
                              "file" : "/Users/haze/Code/codeql/qlpacks/codeql/javascript-all/2.1.0/semmle/javascript/frameworks/minimongo/model.yml",
                              "index" : 0,
                              "firstRowId" : 21,
                              "rowCount" : 75,
                              "predicateHasOrigin" : false,
                              "locations" : {
                                "lineNumbers" : "A=6+1*74",
                                "columnNumbers" : "A=9*75"
                              }
                            },
                            {
                              "predicate" : "sinkModel",
                              "file" : "/Users/haze/Code/codeql/qlpacks/codeql/javascript-all/2.1.0/semmle/javascript/frameworks/mongodb/model.yml",
                              "index" : 0,
                              "firstRowId" : 96,
                              "rowCount" : 26,
                              "predicateHasOrigin" : true,
                              "locations" : {
                                "lineNumbers" : "A=6+1*25",
                                "columnNumbers" : "A=9*26"
                              }
                            },
                            {
                              "predicate" : "typeModel",
                              "file" : "/Users/haze/Code/codeql/qlpacks/codeql/javascript-all/2.1.0/semmle/javascript/frameworks/mongodb/model.yml",
                              "index" : 1,
                              "firstRowId" : 122,
                              "rowCount" : 611,
                              "predicateHasOrigin" : false,
                              "locations" : {
                                "lineNumbers" : "A=37+1*610",
                                "columnNumbers" : "A=9*611"
                              }
                            },
                            {
                              "predicate" : "summaryModel",
                              "file" : "/Users/haze/Code/codeql/qlpacks/codeql/javascript-all/2.1.0/semmle/javascript/frameworks/mongodb/model.yml",
                              "index" : 2,
                              "firstRowId" : 733,
                              "rowCount" : 32,
                              "predicateHasOrigin" : true,
                              "locations" : {
                                "lineNumbers" : "A=653+1*31",
                                "columnNumbers" : "A=9*32"
                              }
                            },
                            {
                              "predicate" : "typeVariableModel",
                              "file" : "/Users/haze/Code/codeql/qlpacks/codeql/javascript-all/2.1.0/semmle/javascript/frameworks/mongodb/model.yml",
                              "index" : 3,
                              "firstRowId" : 765,
                              "rowCount" : 102,
                              "predicateHasOrigin" : false,
                              "locations" : {
                                "lineNumbers" : "A=690+1*101",
                                "columnNumbers" : "A=9*102"
                              }
                            },
                            {
                              "predicate" : "typeModel",
                              "file" : "/Users/haze/Code/codeql/qlpacks/codeql/javascript-all/2.1.0/semmle/javascript/frameworks/mssql/model.yml",
                              "index" : 0,
                              "firstRowId" : 867,
                              "rowCount" : 34,
                              "predicateHasOrigin" : false,
                              "locations" : {
                                "lineNumbers" : "A=6+1*33",
                                "columnNumbers" : "A=9*34"
                              }
                            },
                            {
                              "predicate" : "typeModel",
                              "file" : "/Users/haze/Code/codeql/qlpacks/codeql/javascript-all/2.1.0/semmle/javascript/frameworks/mysql/model.yml",
                              "index" : 0,
                              "firstRowId" : 901,
                              "rowCount" : 57,
                              "predicateHasOrigin" : false,
                              "locations" : {
                                "lineNumbers" : "A=6+1*56",
                                "columnNumbers" : "A=9*57"
                              }
                            },
                            {
                              "predicate" : "summaryModel",
                              "file" : "/Users/haze/Code/codeql/qlpacks/codeql/javascript-all/2.1.0/semmle/javascript/frameworks/mysql/model.yml",
                              "index" : 1,
                              "firstRowId" : 958,
                              "rowCount" : 3,
                              "predicateHasOrigin" : true,
                              "locations" : {
                                "lineNumbers" : "A=68+1*2",
                                "columnNumbers" : "A=9*3"
                              }
                            },
                            {
                              "predicate" : "typeModel",
                              "file" : "/Users/haze/Code/codeql/qlpacks/codeql/javascript-all/2.1.0/semmle/javascript/frameworks/pg/model.yml",
                              "index" : 0,
                              "firstRowId" : 961,
                              "rowCount" : 65,
                              "predicateHasOrigin" : false,
                              "locations" : {
                                "lineNumbers" : "A=6+1*64",
                                "columnNumbers" : "A=9*65"
                              }
                            },
                            {
                              "predicate" : "summaryModel",
                              "file" : "/Users/haze/Code/codeql/qlpacks/codeql/javascript-all/2.1.0/semmle/javascript/frameworks/pg/model.yml",
                              "index" : 1,
                              "firstRowId" : 1026,
                              "rowCount" : 5,
                              "predicateHasOrigin" : true,
                              "locations" : {
                                "lineNumbers" : "A=76+1*4",
                                "columnNumbers" : "A=9*5"
                              }
                            },
                            {
                              "predicate" : "typeVariableModel",
                              "file" : "/Users/haze/Code/codeql/qlpacks/codeql/javascript-all/2.1.0/semmle/javascript/frameworks/pg/model.yml",
                              "index" : 2,
                              "firstRowId" : 1031,
                              "rowCount" : 23,
                              "predicateHasOrigin" : false,
                              "locations" : {
                                "lineNumbers" : "A=86+1*22",
                                "columnNumbers" : "A=9*23"
                              }
                            },
                            {
                              "predicate" : "sinkModel",
                              "file" : "/Users/haze/Code/codeql/qlpacks/codeql/javascript-all/2.1.0/semmle/javascript/frameworks/sequelize/model.yml",
                              "index" : 0,
                              "firstRowId" : 1054,
                              "rowCount" : 7,
                              "predicateHasOrigin" : true,
                              "locations" : {
                                "lineNumbers" : "A=6+1*6",
                                "columnNumbers" : "A=9*7"
                              }
                            },
                            {
                              "predicate" : "typeModel",
                              "file" : "/Users/haze/Code/codeql/qlpacks/codeql/javascript-all/2.1.0/semmle/javascript/frameworks/sequelize/model.yml",
                              "index" : 1,
                              "firstRowId" : 1061,
                              "rowCount" : 248,
                              "predicateHasOrigin" : false,
                              "locations" : {
                                "lineNumbers" : "A=18+1*247",
                                "columnNumbers" : "A=9*248"
                              }
                            },
                            {
                              "predicate" : "summaryModel",
                              "file" : "/Users/haze/Code/codeql/qlpacks/codeql/javascript-all/2.1.0/semmle/javascript/frameworks/sequelize/model.yml",
                              "index" : 2,
                              "firstRowId" : 1309,
                              "rowCount" : 5,
                              "predicateHasOrigin" : true,
                              "locations" : {
                                "lineNumbers" : "A=271+1*4",
                                "columnNumbers" : "A=9*5"
                              }
                            },
                            {
                              "predicate" : "typeVariableModel",
                              "file" : "/Users/haze/Code/codeql/qlpacks/codeql/javascript-all/2.1.0/semmle/javascript/frameworks/sequelize/model.yml",
                              "index" : 3,
                              "firstRowId" : 1314,
                              "rowCount" : 2,
                              "predicateHasOrigin" : false,
                              "locations" : {
                                "lineNumbers" : "A=281+1",
                                "columnNumbers" : "A=9*2"
                              }
                            },
                            {
                              "predicate" : "typeModel",
                              "file" : "/Users/haze/Code/codeql/qlpacks/codeql/javascript-all/2.1.0/semmle/javascript/frameworks/spanner/model.yml",
                              "index" : 0,
                              "firstRowId" : 1316,
                              "rowCount" : 174,
                              "predicateHasOrigin" : false,
                              "locations" : {
                                "lineNumbers" : "A=6+1*173",
                                "columnNumbers" : "A=9*174"
                              }
                            },
                            {
                              "predicate" : "typeVariableModel",
                              "file" : "/Users/haze/Code/codeql/qlpacks/codeql/javascript-all/2.1.0/semmle/javascript/frameworks/spanner/model.yml",
                              "index" : 1,
                              "firstRowId" : 1490,
                              "rowCount" : 5,
                              "predicateHasOrigin" : false,
                              "locations" : {
                                "lineNumbers" : "A=185+1*4",
                                "columnNumbers" : "A=9*5"
                              }
                            },
                            {
                              "predicate" : "typeModel",
                              "file" : "/Users/haze/Code/codeql/qlpacks/codeql/javascript-all/2.1.0/semmle/javascript/frameworks/sqlite3/model.yml",
                              "index" : 0,
                              "firstRowId" : 1495,
                              "rowCount" : 15,
                              "predicateHasOrigin" : false,
                              "locations" : {
                                "lineNumbers" : "A=6+1*14",
                                "columnNumbers" : "A=9*15"
                              }
                            },
                            {
                              "predicate" : "summaryModel",
                              "file" : "/Users/haze/Code/codeql/qlpacks/codeql/javascript-all/2.1.0/semmle/javascript/frameworks/sqlite3/model.yml",
                              "index" : 1,
                              "firstRowId" : 1510,
                              "rowCount" : 3,
                              "predicateHasOrigin" : true,
                              "locations" : {
                                "lineNumbers" : "A=26+1*2",
                                "columnNumbers" : "A=9*3"
                              }
                            },
                            {
                              "predicate" : "isCdnDomainWithCheckingRequired",
                              "file" : "/Users/haze/Code/codeql/qlpacks/codeql/javascript-all/2.1.0/semmle/javascript/security/domains/IntegrityCheckingRequired/integrity_checking_required.model.yml",
                              "index" : 0,
                              "firstRowId" : 1513,
                              "rowCount" : 3,
                              "predicateHasOrigin" : false,
                              "locations" : {
                                "lineNumbers" : "A=6+1*2",
                                "columnNumbers" : "A=9*3"
                              }
                            },
                            {
                              "predicate" : "isUntrustedDomain",
                              "file" : "/Users/haze/Code/codeql/qlpacks/codeql/javascript-all/2.1.0/semmle/javascript/security/domains/compromised/compromised_domains.model.yml",
                              "index" : 0,
                              "firstRowId" : 1516,
                              "rowCount" : 1,
                              "predicateHasOrigin" : false,
                              "locations" : {
                                "lineNumbers" : "A=6",
                                "columnNumbers" : "A=9"
                              }
                            },
                            {
                              "predicate" : "isUntrustedDomain",
                              "file" : "/Users/haze/Code/codeql/qlpacks/codeql/javascript-all/2.1.0/semmle/javascript/security/domains/untrusted/untrusted_domains.model.yml",
                              "index" : 0,
                              "firstRowId" : 1517,
                              "rowCount" : 6,
                              "predicateHasOrigin" : false,
                              "locations" : {
                                "lineNumbers" : "A=7+1+3+1*3",
                                "columnNumbers" : "A=9*6"
                              }
                            },
                            {
                              "predicate" : "threatModelConfiguration",
                              "file" : "/Users/haze/Code/codeql/qlpacks/codeql/threat-models/1.0.11/ext/supported-threat-models.model.yml",
                              "index" : 0,
                              "firstRowId" : 1523,
                              "rowCount" : 1,
                              "predicateHasOrigin" : false,
                              "locations" : {
                                "lineNumbers" : "A=6",
                                "columnNumbers" : "A=9"
                              }
                            },
                            {
                              "predicate" : "threatModelGrouping",
                              "file" : "/Users/haze/Code/codeql/qlpacks/codeql/threat-models/1.0.11/ext/threat-model-grouping.model.yml",
                              "index" : 0,
                              "firstRowId" : 1524,
                              "rowCount" : 14,
                              "predicateHasOrigin" : false,
                              "locations" : {
                                "lineNumbers" : "A=8+3+1+3+1*5+3+1+5+1*2",
                                "columnNumbers" : "A=9*14"
                              }
                            },
                            {
                              "predicate" : "restrictAlertsTo",
                              "file" : "/Users/haze/Code/codeql/qlpacks/codeql/util/1.0.11/ext/default-alert-filter.yml",
                              "index" : 0,
                              "firstRowId" : 1538,
                              "rowCount" : 0,
                              "predicateHasOrigin" : false,
                              "locations" : {
                                "lineNumbers" : "A",
                                "columnNumbers" : "A"
                              }
                            }
                          ]
                        },
                        "threatModels" : {
                          "/Users/haze/Code/CodeQL-PoC-XSS-App/codeql-custom-queries-javascript" : {
                            "extensions" : [
                              {
                                "data" : [ ],
                                "addsTo" : {
                                  "extensible" : "threatModelConfiguration",
                                  "packName" : "codeql/threat-models"
                                }
                              }
                            ]
                          }
                        },
                        "extensionPacks" : [ ]
                      }
[2024-11-12 23:20:07] Calling plumbing command: codeql resolve library-path --qlconfig-file=/Users/haze/Code/CodeQL-PoC-XSS-App/codeql-custom-queries-javascript/qlconfig.yml --query=/Users/haze/Code/CodeQL-PoC-XSS-App/codeql-custom-queries-javascript/example.ql --format=json
[2024-11-12 23:20:07] [DETAILS] resolve library-path> Resolving query at normalized path /Users/haze/Code/CodeQL-PoC-XSS-App/codeql-custom-queries-javascript/example.ql.
[2024-11-12 23:20:07] [DETAILS] resolve library-path> Found enclosing pack 'getting-started/codeql-extra-queries-javascript' at /Users/haze/Code/CodeQL-PoC-XSS-App/codeql-custom-queries-javascript.
[2024-11-12 23:20:07] [DETAILS] resolve library-path> Adding compilation cache at /Users/haze/.codeql/compile-cache.
[2024-11-12 23:20:07] [DETAILS] resolve library-path> Resolving library dependencies from /Users/haze/Code/CodeQL-PoC-XSS-App/codeql-custom-queries-javascript/codeql-pack.yml.
[2024-11-12 23:20:07] [SPAMMY] resolve library-path> [INCOMPATIBILITY] getting-started/codeql-extra-queries-javascript: not 1.0.0 {root: getting-started/codeql-extra-queries-javascript@1.0.0}
[2024-11-12 23:20:07] [SPAMMY] resolve library-path> [DERIVATION] getting-started/codeql-extra-queries-javascript: 1.0.0 {getting-started/codeql-extra-queries-javascript: not 1.0.0 {root: getting-started/codeql-extra-queries-javascript@1.0.0}}
[2024-11-12 23:20:07] [SPAMMY] resolve library-path> [INCOMPATIBILITY] getting-started/codeql-extra-queries-javascript: * [*], codeql/javascript-all: not * [*] {dependency: getting-started/codeql-extra-queries-javascript@* [*] requires codeql/javascript-all@^2.1.0}
[2024-11-12 23:20:07] [SPAMMY] resolve library-path> [DECISION 1] getting-started/codeql-extra-queries-javascript: 1.0.0
[2024-11-12 23:20:07] [SPAMMY] resolve library-path> [DERIVATION] codeql/javascript-all: * [*] {getting-started/codeql-extra-queries-javascript: * [*], codeql/javascript-all: not * [*] {dependency: getting-started/codeql-extra-queries-javascript@* [*] requires codeql/javascript-all@^2.1.0}}
[2024-11-12 23:20:07] [SPAMMY] resolve library-path> [INCOMPATIBILITY] codeql/javascript-all: * [*], codeql/dataflow: not * [*] {dependency: codeql/javascript-all@* [*] requires codeql/dataflow@1.1.5}
[2024-11-12 23:20:07] [SPAMMY] resolve library-path> [INCOMPATIBILITY] codeql/javascript-all: * [*], codeql/mad: not * [*] {dependency: codeql/javascript-all@* [*] requires codeql/mad@1.0.11}
[2024-11-12 23:20:07] [SPAMMY] resolve library-path> [INCOMPATIBILITY] codeql/javascript-all: * [*], codeql/regex: not * [*] {dependency: codeql/javascript-all@* [*] requires codeql/regex@1.0.11}
[2024-11-12 23:20:07] [SPAMMY] resolve library-path> [INCOMPATIBILITY] codeql/javascript-all: * [*], codeql/threat-models: not * [*] {dependency: codeql/javascript-all@* [*] requires codeql/threat-models@1.0.11}
[2024-11-12 23:20:07] [SPAMMY] resolve library-path> [INCOMPATIBILITY] codeql/javascript-all: * [*], codeql/tutorial: not * [*] {dependency: codeql/javascript-all@* [*] requires codeql/tutorial@1.0.11}
[2024-11-12 23:20:07] [SPAMMY] resolve library-path> [INCOMPATIBILITY] codeql/javascript-all: * [*], codeql/util: not * [*] {dependency: codeql/javascript-all@* [*] requires codeql/util@1.0.11}
[2024-11-12 23:20:07] [SPAMMY] resolve library-path> [INCOMPATIBILITY] codeql/javascript-all: * [*], codeql/xml: not * [*] {dependency: codeql/javascript-all@* [*] requires codeql/xml@1.0.11}
[2024-11-12 23:20:07] [SPAMMY] resolve library-path> [INCOMPATIBILITY] codeql/javascript-all: * [*], codeql/yaml: not * [*] {dependency: codeql/javascript-all@* [*] requires codeql/yaml@1.0.11}
[2024-11-12 23:20:07] [SPAMMY] resolve library-path> [DECISION 2] codeql/javascript-all: 2.1.0
[2024-11-12 23:20:07] [SPAMMY] resolve library-path> [DERIVATION] codeql/yaml: * [*] {codeql/javascript-all: * [*], codeql/yaml: not * [*] {dependency: codeql/javascript-all@* [*] requires codeql/yaml@1.0.11}}
[2024-11-12 23:20:07] [SPAMMY] resolve library-path> [DERIVATION] codeql/xml: * [*] {codeql/javascript-all: * [*], codeql/xml: not * [*] {dependency: codeql/javascript-all@* [*] requires codeql/xml@1.0.11}}
[2024-11-12 23:20:07] [SPAMMY] resolve library-path> [DERIVATION] codeql/util: * [*] {codeql/javascript-all: * [*], codeql/util: not * [*] {dependency: codeql/javascript-all@* [*] requires codeql/util@1.0.11}}
[2024-11-12 23:20:07] [SPAMMY] resolve library-path> [DERIVATION] codeql/tutorial: * [*] {codeql/javascript-all: * [*], codeql/tutorial: not * [*] {dependency: codeql/javascript-all@* [*] requires codeql/tutorial@1.0.11}}
[2024-11-12 23:20:07] [SPAMMY] resolve library-path> [DERIVATION] codeql/threat-models: * [*] {codeql/javascript-all: * [*], codeql/threat-models: not * [*] {dependency: codeql/javascript-all@* [*] requires codeql/threat-models@1.0.11}}
[2024-11-12 23:20:07] [SPAMMY] resolve library-path> [DERIVATION] codeql/regex: * [*] {codeql/javascript-all: * [*], codeql/regex: not * [*] {dependency: codeql/javascript-all@* [*] requires codeql/regex@1.0.11}}
[2024-11-12 23:20:07] [SPAMMY] resolve library-path> [DERIVATION] codeql/mad: * [*] {codeql/javascript-all: * [*], codeql/mad: not * [*] {dependency: codeql/javascript-all@* [*] requires codeql/mad@1.0.11}}
[2024-11-12 23:20:07] [SPAMMY] resolve library-path> [DERIVATION] codeql/dataflow: * [*] {codeql/javascript-all: * [*], codeql/dataflow: not * [*] {dependency: codeql/javascript-all@* [*] requires codeql/dataflow@1.1.5}}
[2024-11-12 23:20:07] [SPAMMY] resolve library-path> [INCOMPATIBILITY] codeql/dataflow: * [*], codeql/ssa: not * [*] {dependency: codeql/dataflow@* [*] requires codeql/ssa@1.0.11}
[2024-11-12 23:20:07] [SPAMMY] resolve library-path> [INCOMPATIBILITY] codeql/dataflow: * [*], codeql/typetracking: not * [*] {dependency: codeql/dataflow@* [*] requires codeql/typetracking@1.0.11}
[2024-11-12 23:20:07] [SPAMMY] resolve library-path> [INCOMPATIBILITY] codeql/dataflow: * [*], codeql/util: not * [*] {dependency: codeql/dataflow@* [*] requires codeql/util@1.0.11}
[2024-11-12 23:20:07] [SPAMMY] resolve library-path> [DECISION 3] codeql/dataflow: 1.1.5
[2024-11-12 23:20:07] [SPAMMY] resolve library-path> [DERIVATION] codeql/typetracking: * [*] {codeql/dataflow: * [*], codeql/typetracking: not * [*] {dependency: codeql/dataflow@* [*] requires codeql/typetracking@1.0.11}}
[2024-11-12 23:20:07] [SPAMMY] resolve library-path> [DERIVATION] codeql/ssa: * [*] {codeql/dataflow: * [*], codeql/ssa: not * [*] {dependency: codeql/dataflow@* [*] requires codeql/ssa@1.0.11}}
[2024-11-12 23:20:07] [SPAMMY] resolve library-path> [INCOMPATIBILITY] codeql/mad: * [*], codeql/dataflow: not * [*] {dependency: codeql/mad@* [*] requires codeql/dataflow@1.1.5}
[2024-11-12 23:20:07] [SPAMMY] resolve library-path> [INCOMPATIBILITY] codeql/mad: * [*], codeql/util: not * [*] {dependency: codeql/mad@* [*] requires codeql/util@1.0.11}
[2024-11-12 23:20:07] [SPAMMY] resolve library-path> [DECISION 4] codeql/mad: 1.0.11
[2024-11-12 23:20:07] [SPAMMY] resolve library-path> [INCOMPATIBILITY] codeql/regex: * [*], codeql/util: not * [*] {dependency: codeql/regex@* [*] requires codeql/util@1.0.11}
[2024-11-12 23:20:07] [SPAMMY] resolve library-path> [DECISION 5] codeql/regex: 1.0.11
[2024-11-12 23:20:07] [SPAMMY] resolve library-path> [INCOMPATIBILITY] codeql/ssa: * [*], codeql/util: not * [*] {dependency: codeql/ssa@* [*] requires codeql/util@1.0.11}
[2024-11-12 23:20:07] [SPAMMY] resolve library-path> [DECISION 6] codeql/ssa: 1.0.11
[2024-11-12 23:20:07] [SPAMMY] resolve library-path> [DECISION 7] codeql/threat-models: 1.0.11
[2024-11-12 23:20:07] [SPAMMY] resolve library-path> [DECISION 8] codeql/tutorial: 1.0.11
[2024-11-12 23:20:07] [SPAMMY] resolve library-path> [INCOMPATIBILITY] codeql/typetracking: * [*], codeql/util: not * [*] {dependency: codeql/typetracking@* [*] requires codeql/util@1.0.11}
[2024-11-12 23:20:07] [SPAMMY] resolve library-path> [DECISION 9] codeql/typetracking: 1.0.11
[2024-11-12 23:20:07] [SPAMMY] resolve library-path> [DECISION 10] codeql/util: 1.0.11
[2024-11-12 23:20:07] [SPAMMY] resolve library-path> [INCOMPATIBILITY] codeql/xml: * [*], codeql/util: not * [*] {dependency: codeql/xml@* [*] requires codeql/util@1.0.11}
[2024-11-12 23:20:07] [SPAMMY] resolve library-path> [DECISION 11] codeql/xml: 1.0.11
[2024-11-12 23:20:07] [SPAMMY] resolve library-path> [DECISION 12] codeql/yaml: 1.0.11
[2024-11-12 23:20:07] [DETAILS] resolve library-path> QL pack dependencies for /Users/haze/Code/CodeQL-PoC-XSS-App/codeql-custom-queries-javascript resolved OK.
[2024-11-12 23:20:07] [DETAILS] resolve library-path> Found dbscheme through QL packs: /Users/haze/Code/codeql/qlpacks/codeql/javascript-all/2.1.0/semmlecode.javascript.dbscheme.
[2024-11-12 23:20:07] Plumbing command codeql resolve library-path completed:
                      {
                        "libraryPath" : [
                          "/Users/haze/Code/CodeQL-PoC-XSS-App/codeql-custom-queries-javascript",
                          "/Users/haze/Code/codeql/qlpacks/codeql/javascript-all/2.1.0",
                          "/Users/haze/Code/codeql/qlpacks/codeql/dataflow/1.1.5",
                          "/Users/haze/Code/codeql/qlpacks/codeql/mad/1.0.11",
                          "/Users/haze/Code/codeql/qlpacks/codeql/regex/1.0.11",
                          "/Users/haze/Code/codeql/qlpacks/codeql/ssa/1.0.11",
                          "/Users/haze/Code/codeql/qlpacks/codeql/threat-models/1.0.11",
                          "/Users/haze/Code/codeql/qlpacks/codeql/tutorial/1.0.11",
                          "/Users/haze/Code/codeql/qlpacks/codeql/typetracking/1.0.11",
                          "/Users/haze/Code/codeql/qlpacks/codeql/util/1.0.11",
                          "/Users/haze/Code/codeql/qlpacks/codeql/xml/1.0.11",
                          "/Users/haze/Code/codeql/qlpacks/codeql/yaml/1.0.11"
                        ],
                        "dbscheme" : "/Users/haze/Code/codeql/qlpacks/codeql/javascript-all/2.1.0/semmlecode.javascript.dbscheme",
                        "compilationCache" : [
                          "/Users/haze/.codeql/compile-cache"
                        ],
                        "relativeName" : "getting-started/codeql-extra-queries-javascript/example.ql",
                        "qlPackName" : "getting-started/codeql-extra-queries-javascript"
                      }
[2024-11-12 23:20:07] [PROGRESS] execute queries> Compiling query plan for /Users/haze/Code/CodeQL-PoC-XSS-App/codeql-custom-queries-javascript/example.ql.
[2024-11-12 23:20:07] [DETAILS] execute queries> Resolving imports for /Users/haze/Code/CodeQL-PoC-XSS-App/codeql-custom-queries-javascript/example.ql.
[2024-11-12 23:20:10] Resolved file set for /Users/haze/Code/CodeQL-PoC-XSS-App/codeql-custom-queries-javascript/example.ql hashes to cdb5a26d422ae2bfc7b630034c6248a48263ce96.
[2024-11-12 23:20:10] [DETAILS] execute queries> Checking QL for /Users/haze/Code/CodeQL-PoC-XSS-App/codeql-custom-queries-javascript/example.ql.
[2024-11-12 23:20:10] Stale frontend caches are invalidated based on import graph reachability.
[2024-11-12 23:20:11] ExternalModuleBindingPass ...
[2024-11-12 23:20:12] ExternalModuleBindingPass time: 00:01.598
[2024-11-12 23:20:12] CollectInstantiationsPass ...
[2024-11-12 23:20:13] CollectInstantiationsPass time: 00:00.382
[2024-11-12 23:20:13] Ql checks ...
[2024-11-12 23:20:18] Ql checks time: 00:05.432
[2024-11-12 23:20:21] [ERROR] execute queries> ERROR: getTarget() cannot be resolved for type Expr::CallExpr (/Users/haze/Code/CodeQL-PoC-XSS-App/codeql-custom-queries-javascript/example.ql:14,12-21)
[2024-11-12 23:20:21] [WARN] execute queries> WARNING: 'this' is not bound in the body of this characteristic predicate (/Users/haze/Code/CodeQL-PoC-XSS-App/codeql-custom-queries-javascript/example.ql:12,3-29)
[2024-11-12 23:20:21] Sequence stamp origin is -6117550415570014037
[2024-11-12 23:20:21] Pausing evaluation to close the cache at sequence stamp o+0
[2024-11-12 23:20:21] The disk cache is freshly trimmed; leave it be.
[2024-11-12 23:20:21] Unpausing evaluation
[2024-11-12 23:20:21] Exiting with code 2
